ARM GAS  C:\Users\HOGEHO~1\AppData\Local\Temp\ccQvfYYc.s 			page 1


   1              		.cpu cortex-m0
   2              		.eabi_attribute 20, 1
   3              		.eabi_attribute 21, 1
   4              		.eabi_attribute 23, 3
   5              		.eabi_attribute 24, 1
   6              		.eabi_attribute 25, 1
   7              		.eabi_attribute 26, 1
   8              		.eabi_attribute 30, 1
   9              		.eabi_attribute 34, 0
  10              		.eabi_attribute 18, 4
  11              		.file	"gpio.c"
  12              		.text
  13              	.Ltext0:
  14              		.cfi_sections	.debug_frame
  15              		.section	.text.MX_GPIO_Init,"ax",%progbits
  16              		.align	1
  17              		.global	MX_GPIO_Init
  18              		.syntax unified
  19              		.code	16
  20              		.thumb_func
  21              		.fpu softvfp
  23              	MX_GPIO_Init:
  24              	.LFB35:
  25              		.file 1 "Src/gpio.c"
   1:Src/gpio.c    **** /**
   2:Src/gpio.c    ****   ******************************************************************************
   3:Src/gpio.c    ****   * File Name          : gpio.c
   4:Src/gpio.c    ****   * Description        : This file provides code for the configuration
   5:Src/gpio.c    ****   *                      of all used GPIO pins.
   6:Src/gpio.c    ****   ******************************************************************************
   7:Src/gpio.c    ****   ** This notice applies to any and all portions of this file
   8:Src/gpio.c    ****   * that are not between comment pairs USER CODE BEGIN and
   9:Src/gpio.c    ****   * USER CODE END. Other portions of this file, whether 
  10:Src/gpio.c    ****   * inserted by the user or by software development tools
  11:Src/gpio.c    ****   * are owned by their respective copyright owners.
  12:Src/gpio.c    ****   *
  13:Src/gpio.c    ****   * COPYRIGHT(c) 2018 STMicroelectronics
  14:Src/gpio.c    ****   *
  15:Src/gpio.c    ****   * Redistribution and use in source and binary forms, with or without modification,
  16:Src/gpio.c    ****   * are permitted provided that the following conditions are met:
  17:Src/gpio.c    ****   *   1. Redistributions of source code must retain the above copyright notice,
  18:Src/gpio.c    ****   *      this list of conditions and the following disclaimer.
  19:Src/gpio.c    ****   *   2. Redistributions in binary form must reproduce the above copyright notice,
  20:Src/gpio.c    ****   *      this list of conditions and the following disclaimer in the documentation
  21:Src/gpio.c    ****   *      and/or other materials provided with the distribution.
  22:Src/gpio.c    ****   *   3. Neither the name of STMicroelectronics nor the names of its contributors
  23:Src/gpio.c    ****   *      may be used to endorse or promote products derived from this software
  24:Src/gpio.c    ****   *      without specific prior written permission.
  25:Src/gpio.c    ****   *
  26:Src/gpio.c    ****   * THIS SOFTWARE IS PROVIDED BY THE COPYRIGHT HOLDERS AND CONTRIBUTORS "AS IS"
  27:Src/gpio.c    ****   * AND ANY EXPRESS OR IMPLIED WARRANTIES, INCLUDING, BUT NOT LIMITED TO, THE
  28:Src/gpio.c    ****   * IMPLIED WARRANTIES OF MERCHANTABILITY AND FITNESS FOR A PARTICULAR PURPOSE ARE
  29:Src/gpio.c    ****   * DISCLAIMED. IN NO EVENT SHALL THE COPYRIGHT HOLDER OR CONTRIBUTORS BE LIABLE
  30:Src/gpio.c    ****   * FOR ANY DIRECT, INDIRECT, INCIDENTAL, SPECIAL, EXEMPLARY, OR CONSEQUENTIAL
  31:Src/gpio.c    ****   * DAMAGES (INCLUDING, BUT NOT LIMITED TO, PROCUREMENT OF SUBSTITUTE GOODS OR
  32:Src/gpio.c    ****   * SERVICES; LOSS OF USE, DATA, OR PROFITS; OR BUSINESS INTERRUPTION) HOWEVER
  33:Src/gpio.c    ****   * CAUSED AND ON ANY THEORY OF LIABILITY, WHETHER IN CONTRACT, STRICT LIABILITY,
ARM GAS  C:\Users\HOGEHO~1\AppData\Local\Temp\ccQvfYYc.s 			page 2


  34:Src/gpio.c    ****   * OR TORT (INCLUDING NEGLIGENCE OR OTHERWISE) ARISING IN ANY WAY OUT OF THE USE
  35:Src/gpio.c    ****   * OF THIS SOFTWARE, EVEN IF ADVISED OF THE POSSIBILITY OF SUCH DAMAGE.
  36:Src/gpio.c    ****   *
  37:Src/gpio.c    ****   ******************************************************************************
  38:Src/gpio.c    ****   */
  39:Src/gpio.c    **** 
  40:Src/gpio.c    **** /* Includes ------------------------------------------------------------------*/
  41:Src/gpio.c    **** #include "gpio.h"
  42:Src/gpio.c    **** /* USER CODE BEGIN 0 */
  43:Src/gpio.c    **** 
  44:Src/gpio.c    **** /* USER CODE END 0 */
  45:Src/gpio.c    **** 
  46:Src/gpio.c    **** /*----------------------------------------------------------------------------*/
  47:Src/gpio.c    **** /* Configure GPIO                                                             */
  48:Src/gpio.c    **** /*----------------------------------------------------------------------------*/
  49:Src/gpio.c    **** /* USER CODE BEGIN 1 */
  50:Src/gpio.c    **** 
  51:Src/gpio.c    **** /* USER CODE END 1 */
  52:Src/gpio.c    **** 
  53:Src/gpio.c    **** /** Configure pins as 
  54:Src/gpio.c    ****         * Analog 
  55:Src/gpio.c    ****         * Input 
  56:Src/gpio.c    ****         * Output
  57:Src/gpio.c    ****         * EVENT_OUT
  58:Src/gpio.c    ****         * EXTI
  59:Src/gpio.c    **** */
  60:Src/gpio.c    **** void MX_GPIO_Init(void)
  61:Src/gpio.c    **** {
  26              		.loc 1 61 0
  27              		.cfi_startproc
  28              		@ args = 0, pretend = 0, frame = 32
  29              		@ frame_needed = 0, uses_anonymous_args = 0
  30 0000 F0B5     		push	{r4, r5, r6, r7, lr}
  31              	.LCFI0:
  32              		.cfi_def_cfa_offset 20
  33              		.cfi_offset 4, -20
  34              		.cfi_offset 5, -16
  35              		.cfi_offset 6, -12
  36              		.cfi_offset 7, -8
  37              		.cfi_offset 14, -4
  38 0002 89B0     		sub	sp, sp, #36
  39              	.LCFI1:
  40              		.cfi_def_cfa_offset 56
  41              	.LBB2:
  62:Src/gpio.c    **** 
  63:Src/gpio.c    ****   GPIO_InitTypeDef GPIO_InitStruct;
  64:Src/gpio.c    **** 
  65:Src/gpio.c    ****   /* GPIO Ports Clock Enable */
  66:Src/gpio.c    ****   __HAL_RCC_GPIOF_CLK_ENABLE();
  42              		.loc 1 66 0
  43 0004 2D4B     		ldr	r3, .L2
  44 0006 5969     		ldr	r1, [r3, #20]
  45 0008 8020     		movs	r0, #128
  46 000a C003     		lsls	r0, r0, #15
  47 000c 0143     		orrs	r1, r0
  48 000e 5961     		str	r1, [r3, #20]
  49 0010 5A69     		ldr	r2, [r3, #20]
ARM GAS  C:\Users\HOGEHO~1\AppData\Local\Temp\ccQvfYYc.s 			page 3


  50 0012 0240     		ands	r2, r0
  51 0014 0092     		str	r2, [sp]
  52 0016 009A     		ldr	r2, [sp]
  53              	.LBE2:
  54              	.LBB3:
  67:Src/gpio.c    ****   __HAL_RCC_GPIOA_CLK_ENABLE();
  55              		.loc 1 67 0
  56 0018 5969     		ldr	r1, [r3, #20]
  57 001a 8020     		movs	r0, #128
  58 001c 8002     		lsls	r0, r0, #10
  59 001e 0143     		orrs	r1, r0
  60 0020 5961     		str	r1, [r3, #20]
  61 0022 5A69     		ldr	r2, [r3, #20]
  62 0024 0240     		ands	r2, r0
  63 0026 0192     		str	r2, [sp, #4]
  64 0028 019A     		ldr	r2, [sp, #4]
  65              	.LBE3:
  66              	.LBB4:
  68:Src/gpio.c    ****   __HAL_RCC_GPIOB_CLK_ENABLE();
  67              		.loc 1 68 0
  68 002a 5A69     		ldr	r2, [r3, #20]
  69 002c 8021     		movs	r1, #128
  70 002e C902     		lsls	r1, r1, #11
  71 0030 0A43     		orrs	r2, r1
  72 0032 5A61     		str	r2, [r3, #20]
  73 0034 5B69     		ldr	r3, [r3, #20]
  74 0036 0B40     		ands	r3, r1
  75 0038 0293     		str	r3, [sp, #8]
  76 003a 029B     		ldr	r3, [sp, #8]
  77              	.LBE4:
  69:Src/gpio.c    **** 
  70:Src/gpio.c    ****   /*Configure GPIO pin Output Level */
  71:Src/gpio.c    ****   HAL_GPIO_WritePin(GPIOA, AUDIO_RESET_Pin|XDCS_Pin|XCS_Pin|DREQ_Pin 
  78              		.loc 1 71 0
  79 003c 9025     		movs	r5, #144
  80 003e ED05     		lsls	r5, r5, #23
  81 0040 0022     		movs	r2, #0
  82 0042 1F49     		ldr	r1, .L2+4
  83 0044 2800     		movs	r0, r5
  84 0046 FFF7FEFF 		bl	HAL_GPIO_WritePin
  85              	.LVL0:
  72:Src/gpio.c    ****                           |SDCARD_CS_Pin|SWDIO_Pin|SWCLK_Pin, GPIO_PIN_RESET);
  73:Src/gpio.c    **** 
  74:Src/gpio.c    ****   /*Configure GPIO pin Output Level */
  75:Src/gpio.c    ****   HAL_GPIO_WritePin(LED_GPIO_Port, LED_Pin, GPIO_PIN_SET);
  86              		.loc 1 75 0
  87 004a 8021     		movs	r1, #128
  88 004c 0122     		movs	r2, #1
  89 004e 0901     		lsls	r1, r1, #4
  90 0050 2800     		movs	r0, r5
  91 0052 FFF7FEFF 		bl	HAL_GPIO_WritePin
  92              	.LVL1:
  76:Src/gpio.c    **** 
  77:Src/gpio.c    ****   /*Configure GPIO pins : PAPin PAPin PAPin PAPin 
  78:Src/gpio.c    ****                            PAPin PAPin PAPin PAPin */
  79:Src/gpio.c    ****   GPIO_InitStruct.Pin = AUDIO_RESET_Pin|XDCS_Pin|XCS_Pin|DREQ_Pin 
  93              		.loc 1 79 0
ARM GAS  C:\Users\HOGEHO~1\AppData\Local\Temp\ccQvfYYc.s 			page 4


  94 0056 1B4B     		ldr	r3, .L2+8
  95 0058 0393     		str	r3, [sp, #12]
  80:Src/gpio.c    ****                           |SDCARD_CS_Pin|LED_Pin|SWDIO_Pin|SWCLK_Pin;
  81:Src/gpio.c    ****   GPIO_InitStruct.Mode = GPIO_MODE_OUTPUT_PP;
  96              		.loc 1 81 0
  97 005a 0123     		movs	r3, #1
  98 005c 0493     		str	r3, [sp, #16]
  82:Src/gpio.c    ****   GPIO_InitStruct.Pull = GPIO_NOPULL;
  99              		.loc 1 82 0
 100 005e 0024     		movs	r4, #0
 101 0060 0594     		str	r4, [sp, #20]
  83:Src/gpio.c    ****   GPIO_InitStruct.Speed = GPIO_SPEED_FREQ_LOW;
 102              		.loc 1 83 0
 103 0062 0694     		str	r4, [sp, #24]
  84:Src/gpio.c    ****   HAL_GPIO_Init(GPIOA, &GPIO_InitStruct);
 104              		.loc 1 84 0
 105 0064 03A9     		add	r1, sp, #12
 106 0066 2800     		movs	r0, r5
 107 0068 FFF7FEFF 		bl	HAL_GPIO_Init
 108              	.LVL2:
  85:Src/gpio.c    **** 
  86:Src/gpio.c    ****   /*Configure GPIO pins : PB0 PB1 */
  87:Src/gpio.c    ****   GPIO_InitStruct.Pin = GPIO_PIN_0|GPIO_PIN_1;
 109              		.loc 1 87 0
 110 006c 0323     		movs	r3, #3
 111 006e 0393     		str	r3, [sp, #12]
  88:Src/gpio.c    ****   GPIO_InitStruct.Mode = GPIO_MODE_INPUT;
 112              		.loc 1 88 0
 113 0070 0494     		str	r4, [sp, #16]
  89:Src/gpio.c    ****   GPIO_InitStruct.Pull = GPIO_PULLDOWN;
 114              		.loc 1 89 0
 115 0072 0227     		movs	r7, #2
 116 0074 0597     		str	r7, [sp, #20]
  90:Src/gpio.c    ****   HAL_GPIO_Init(GPIOB, &GPIO_InitStruct);
 117              		.loc 1 90 0
 118 0076 144E     		ldr	r6, .L2+12
 119 0078 03A9     		add	r1, sp, #12
 120 007a 3000     		movs	r0, r6
 121 007c FFF7FEFF 		bl	HAL_GPIO_Init
 122              	.LVL3:
  91:Src/gpio.c    **** 
  92:Src/gpio.c    ****   /*Configure GPIO pins : PA8 PA9 PA10 PA12 */
  93:Src/gpio.c    ****   GPIO_InitStruct.Pin = GPIO_PIN_8|GPIO_PIN_9|GPIO_PIN_10|GPIO_PIN_12;
 123              		.loc 1 93 0
 124 0080 B823     		movs	r3, #184
 125 0082 5B01     		lsls	r3, r3, #5
 126 0084 0393     		str	r3, [sp, #12]
  94:Src/gpio.c    ****   GPIO_InitStruct.Mode = GPIO_MODE_INPUT;
 127              		.loc 1 94 0
 128 0086 0494     		str	r4, [sp, #16]
  95:Src/gpio.c    ****   GPIO_InitStruct.Pull = GPIO_PULLDOWN;
 129              		.loc 1 95 0
 130 0088 0597     		str	r7, [sp, #20]
  96:Src/gpio.c    ****   HAL_GPIO_Init(GPIOA, &GPIO_InitStruct);
 131              		.loc 1 96 0
 132 008a 03A9     		add	r1, sp, #12
 133 008c 2800     		movs	r0, r5
ARM GAS  C:\Users\HOGEHO~1\AppData\Local\Temp\ccQvfYYc.s 			page 5


 134 008e FFF7FEFF 		bl	HAL_GPIO_Init
 135              	.LVL4:
  97:Src/gpio.c    **** 
  98:Src/gpio.c    ****   /*Configure GPIO pin : PtPin */
  99:Src/gpio.c    ****   GPIO_InitStruct.Pin = SW_UP_Pin;
 136              		.loc 1 99 0
 137 0092 8023     		movs	r3, #128
 138 0094 1B02     		lsls	r3, r3, #8
 139 0096 0393     		str	r3, [sp, #12]
 100:Src/gpio.c    ****   GPIO_InitStruct.Mode = GPIO_MODE_INPUT;
 140              		.loc 1 100 0
 141 0098 0494     		str	r4, [sp, #16]
 101:Src/gpio.c    ****   GPIO_InitStruct.Pull = GPIO_NOPULL;
 142              		.loc 1 101 0
 143 009a 0594     		str	r4, [sp, #20]
 102:Src/gpio.c    ****   HAL_GPIO_Init(SW_UP_GPIO_Port, &GPIO_InitStruct);
 144              		.loc 1 102 0
 145 009c 03A9     		add	r1, sp, #12
 146 009e 2800     		movs	r0, r5
 147 00a0 FFF7FEFF 		bl	HAL_GPIO_Init
 148              	.LVL5:
 103:Src/gpio.c    **** 
 104:Src/gpio.c    ****   /*Configure GPIO pins : PBPin PBPin PBPin PBPin 
 105:Src/gpio.c    ****                            PB7 PB8 */
 106:Src/gpio.c    ****   GPIO_InitStruct.Pin = SW_DOWN_Pin|SW_LEFT_Pin|SW_RIGHT_Pin|SW_PLAY_PAUSE_Pin 
 149              		.loc 1 106 0
 150 00a4 FC23     		movs	r3, #252
 151 00a6 5B00     		lsls	r3, r3, #1
 152 00a8 0393     		str	r3, [sp, #12]
 107:Src/gpio.c    ****                           |GPIO_PIN_7|GPIO_PIN_8;
 108:Src/gpio.c    ****   GPIO_InitStruct.Mode = GPIO_MODE_INPUT;
 153              		.loc 1 108 0
 154 00aa 0494     		str	r4, [sp, #16]
 109:Src/gpio.c    ****   GPIO_InitStruct.Pull = GPIO_NOPULL;
 155              		.loc 1 109 0
 156 00ac 0594     		str	r4, [sp, #20]
 110:Src/gpio.c    ****   HAL_GPIO_Init(GPIOB, &GPIO_InitStruct);
 157              		.loc 1 110 0
 158 00ae 03A9     		add	r1, sp, #12
 159 00b0 3000     		movs	r0, r6
 160 00b2 FFF7FEFF 		bl	HAL_GPIO_Init
 161              	.LVL6:
 111:Src/gpio.c    **** 
 112:Src/gpio.c    **** }
 162              		.loc 1 112 0
 163 00b6 09B0     		add	sp, sp, #36
 164              		@ sp needed
 165 00b8 F0BD     		pop	{r4, r5, r6, r7, pc}
 166              	.L3:
 167 00ba C046     		.align	2
 168              	.L2:
 169 00bc 00100240 		.word	1073876992
 170 00c0 1F600000 		.word	24607
 171 00c4 1F680000 		.word	26655
 172 00c8 00040048 		.word	1207960576
 173              		.cfi_endproc
 174              	.LFE35:
ARM GAS  C:\Users\HOGEHO~1\AppData\Local\Temp\ccQvfYYc.s 			page 6


 176              		.text
 177              	.Letext0:
 178              		.file 2 "c:\\program files (x86)\\gnu tools arm embedded\\7 2018-q2-update\\arm-none-eabi\\include
 179              		.file 3 "c:\\program files (x86)\\gnu tools arm embedded\\7 2018-q2-update\\arm-none-eabi\\include
 180              		.file 4 "Drivers/CMSIS/Device/ST/STM32F0xx/Include/system_stm32f0xx.h"
 181              		.file 5 "Drivers/CMSIS/Device/ST/STM32F0xx/Include/stm32f042x6.h"
 182              		.file 6 "c:\\program files (x86)\\gnu tools arm embedded\\7 2018-q2-update\\arm-none-eabi\\include
 183              		.file 7 "c:\\program files (x86)\\gnu tools arm embedded\\7 2018-q2-update\\arm-none-eabi\\include
 184              		.file 8 "c:\\program files (x86)\\gnu tools arm embedded\\7 2018-q2-update\\lib\\gcc\\arm-none-eab
 185              		.file 9 "c:\\program files (x86)\\gnu tools arm embedded\\7 2018-q2-update\\arm-none-eabi\\include
 186              		.file 10 "Drivers/STM32F0xx_HAL_Driver/Inc/stm32f0xx_hal_gpio.h"
ARM GAS  C:\Users\HOGEHO~1\AppData\Local\Temp\ccQvfYYc.s 			page 7


DEFINED SYMBOLS
                            *ABS*:00000000 gpio.c
C:\Users\HOGEHO~1\AppData\Local\Temp\ccQvfYYc.s:16     .text.MX_GPIO_Init:00000000 $t
C:\Users\HOGEHO~1\AppData\Local\Temp\ccQvfYYc.s:23     .text.MX_GPIO_Init:00000000 MX_GPIO_Init
C:\Users\HOGEHO~1\AppData\Local\Temp\ccQvfYYc.s:169    .text.MX_GPIO_Init:000000bc $d

UNDEFINED SYMBOLS
HAL_GPIO_WritePin
HAL_GPIO_Init
