ARM GAS  C:\Users\HOGEHO~1\AppData\Local\Temp\ccZPnp9i.s 			page 1


   1              		.cpu cortex-m0
   2              		.eabi_attribute 20, 1
   3              		.eabi_attribute 21, 1
   4              		.eabi_attribute 23, 3
   5              		.eabi_attribute 24, 1
   6              		.eabi_attribute 25, 1
   7              		.eabi_attribute 26, 1
   8              		.eabi_attribute 30, 1
   9              		.eabi_attribute 34, 0
  10              		.eabi_attribute 18, 4
  11              		.file	"rtc.c"
  12              		.text
  13              	.Ltext0:
  14              		.cfi_sections	.debug_frame
  15              		.section	.text.MX_RTC_Init,"ax",%progbits
  16              		.align	1
  17              		.global	MX_RTC_Init
  18              		.syntax unified
  19              		.code	16
  20              		.thumb_func
  21              		.fpu softvfp
  23              	MX_RTC_Init:
  24              	.LFB35:
  25              		.file 1 "Src/rtc.c"
   1:Src/rtc.c     **** /**
   2:Src/rtc.c     ****   ******************************************************************************
   3:Src/rtc.c     ****   * File Name          : RTC.c
   4:Src/rtc.c     ****   * Description        : This file provides code for the configuration
   5:Src/rtc.c     ****   *                      of the RTC instances.
   6:Src/rtc.c     ****   ******************************************************************************
   7:Src/rtc.c     ****   ** This notice applies to any and all portions of this file
   8:Src/rtc.c     ****   * that are not between comment pairs USER CODE BEGIN and
   9:Src/rtc.c     ****   * USER CODE END. Other portions of this file, whether 
  10:Src/rtc.c     ****   * inserted by the user or by software development tools
  11:Src/rtc.c     ****   * are owned by their respective copyright owners.
  12:Src/rtc.c     ****   *
  13:Src/rtc.c     ****   * COPYRIGHT(c) 2018 STMicroelectronics
  14:Src/rtc.c     ****   *
  15:Src/rtc.c     ****   * Redistribution and use in source and binary forms, with or without modification,
  16:Src/rtc.c     ****   * are permitted provided that the following conditions are met:
  17:Src/rtc.c     ****   *   1. Redistributions of source code must retain the above copyright notice,
  18:Src/rtc.c     ****   *      this list of conditions and the following disclaimer.
  19:Src/rtc.c     ****   *   2. Redistributions in binary form must reproduce the above copyright notice,
  20:Src/rtc.c     ****   *      this list of conditions and the following disclaimer in the documentation
  21:Src/rtc.c     ****   *      and/or other materials provided with the distribution.
  22:Src/rtc.c     ****   *   3. Neither the name of STMicroelectronics nor the names of its contributors
  23:Src/rtc.c     ****   *      may be used to endorse or promote products derived from this software
  24:Src/rtc.c     ****   *      without specific prior written permission.
  25:Src/rtc.c     ****   *
  26:Src/rtc.c     ****   * THIS SOFTWARE IS PROVIDED BY THE COPYRIGHT HOLDERS AND CONTRIBUTORS "AS IS"
  27:Src/rtc.c     ****   * AND ANY EXPRESS OR IMPLIED WARRANTIES, INCLUDING, BUT NOT LIMITED TO, THE
  28:Src/rtc.c     ****   * IMPLIED WARRANTIES OF MERCHANTABILITY AND FITNESS FOR A PARTICULAR PURPOSE ARE
  29:Src/rtc.c     ****   * DISCLAIMED. IN NO EVENT SHALL THE COPYRIGHT HOLDER OR CONTRIBUTORS BE LIABLE
  30:Src/rtc.c     ****   * FOR ANY DIRECT, INDIRECT, INCIDENTAL, SPECIAL, EXEMPLARY, OR CONSEQUENTIAL
  31:Src/rtc.c     ****   * DAMAGES (INCLUDING, BUT NOT LIMITED TO, PROCUREMENT OF SUBSTITUTE GOODS OR
  32:Src/rtc.c     ****   * SERVICES; LOSS OF USE, DATA, OR PROFITS; OR BUSINESS INTERRUPTION) HOWEVER
  33:Src/rtc.c     ****   * CAUSED AND ON ANY THEORY OF LIABILITY, WHETHER IN CONTRACT, STRICT LIABILITY,
ARM GAS  C:\Users\HOGEHO~1\AppData\Local\Temp\ccZPnp9i.s 			page 2


  34:Src/rtc.c     ****   * OR TORT (INCLUDING NEGLIGENCE OR OTHERWISE) ARISING IN ANY WAY OUT OF THE USE
  35:Src/rtc.c     ****   * OF THIS SOFTWARE, EVEN IF ADVISED OF THE POSSIBILITY OF SUCH DAMAGE.
  36:Src/rtc.c     ****   *
  37:Src/rtc.c     ****   ******************************************************************************
  38:Src/rtc.c     ****   */
  39:Src/rtc.c     **** 
  40:Src/rtc.c     **** /* Includes ------------------------------------------------------------------*/
  41:Src/rtc.c     **** #include "rtc.h"
  42:Src/rtc.c     **** 
  43:Src/rtc.c     **** /* USER CODE BEGIN 0 */
  44:Src/rtc.c     **** 
  45:Src/rtc.c     **** /* USER CODE END 0 */
  46:Src/rtc.c     **** 
  47:Src/rtc.c     **** RTC_HandleTypeDef hrtc;
  48:Src/rtc.c     **** 
  49:Src/rtc.c     **** /* RTC init function */
  50:Src/rtc.c     **** void MX_RTC_Init(void)
  51:Src/rtc.c     **** {
  26              		.loc 1 51 0
  27              		.cfi_startproc
  28              		@ args = 0, pretend = 0, frame = 0
  29              		@ frame_needed = 0, uses_anonymous_args = 0
  30 0000 10B5     		push	{r4, lr}
  31              	.LCFI0:
  32              		.cfi_def_cfa_offset 8
  33              		.cfi_offset 4, -8
  34              		.cfi_offset 14, -4
  52:Src/rtc.c     **** 
  53:Src/rtc.c     ****     /**Initialize RTC Only 
  54:Src/rtc.c     ****     */
  55:Src/rtc.c     ****   hrtc.Instance = RTC;
  35              		.loc 1 55 0
  36 0002 0B48     		ldr	r0, .L4
  37 0004 0B4B     		ldr	r3, .L4+4
  38 0006 0360     		str	r3, [r0]
  56:Src/rtc.c     ****   hrtc.Init.HourFormat = RTC_HOURFORMAT_24;
  39              		.loc 1 56 0
  40 0008 0023     		movs	r3, #0
  41 000a 4360     		str	r3, [r0, #4]
  57:Src/rtc.c     ****   hrtc.Init.AsynchPrediv = 127;
  42              		.loc 1 57 0
  43 000c 7F22     		movs	r2, #127
  44 000e 8260     		str	r2, [r0, #8]
  58:Src/rtc.c     ****   hrtc.Init.SynchPrediv = 255;
  45              		.loc 1 58 0
  46 0010 8032     		adds	r2, r2, #128
  47 0012 C260     		str	r2, [r0, #12]
  59:Src/rtc.c     ****   hrtc.Init.OutPut = RTC_OUTPUT_DISABLE;
  48              		.loc 1 59 0
  49 0014 0361     		str	r3, [r0, #16]
  60:Src/rtc.c     ****   hrtc.Init.OutPutPolarity = RTC_OUTPUT_POLARITY_HIGH;
  50              		.loc 1 60 0
  51 0016 4361     		str	r3, [r0, #20]
  61:Src/rtc.c     ****   hrtc.Init.OutPutType = RTC_OUTPUT_TYPE_OPENDRAIN;
  52              		.loc 1 61 0
  53 0018 8361     		str	r3, [r0, #24]
  62:Src/rtc.c     ****   if (HAL_RTC_Init(&hrtc) != HAL_OK)
ARM GAS  C:\Users\HOGEHO~1\AppData\Local\Temp\ccZPnp9i.s 			page 3


  54              		.loc 1 62 0
  55 001a FFF7FEFF 		bl	HAL_RTC_Init
  56              	.LVL0:
  57 001e 0028     		cmp	r0, #0
  58 0020 00D1     		bne	.L3
  59              	.L1:
  63:Src/rtc.c     ****   {
  64:Src/rtc.c     ****     _Error_Handler(__FILE__, __LINE__);
  65:Src/rtc.c     ****   }
  66:Src/rtc.c     ****   /* USER CODE BEGIN RTC_Init 2 */
  67:Src/rtc.c     **** 
  68:Src/rtc.c     ****   /* USER CODE END RTC_Init 2 */
  69:Src/rtc.c     **** 
  70:Src/rtc.c     **** }
  60              		.loc 1 70 0
  61              		@ sp needed
  62 0022 10BD     		pop	{r4, pc}
  63              	.L3:
  64:Src/rtc.c     ****   }
  64              		.loc 1 64 0
  65 0024 4021     		movs	r1, #64
  66 0026 0448     		ldr	r0, .L4+8
  67 0028 FFF7FEFF 		bl	_Error_Handler
  68              	.LVL1:
  69              		.loc 1 70 0
  70 002c F9E7     		b	.L1
  71              	.L5:
  72 002e C046     		.align	2
  73              	.L4:
  74 0030 00000000 		.word	.LANCHOR0
  75 0034 00280040 		.word	1073752064
  76 0038 00000000 		.word	.LC1
  77              		.cfi_endproc
  78              	.LFE35:
  80              		.section	.text.HAL_RTC_MspInit,"ax",%progbits
  81              		.align	1
  82              		.global	HAL_RTC_MspInit
  83              		.syntax unified
  84              		.code	16
  85              		.thumb_func
  86              		.fpu softvfp
  88              	HAL_RTC_MspInit:
  89              	.LFB36:
  71:Src/rtc.c     **** 
  72:Src/rtc.c     **** void HAL_RTC_MspInit(RTC_HandleTypeDef* rtcHandle)
  73:Src/rtc.c     **** {
  90              		.loc 1 73 0
  91              		.cfi_startproc
  92              		@ args = 0, pretend = 0, frame = 0
  93              		@ frame_needed = 0, uses_anonymous_args = 0
  94              		@ link register save eliminated.
  95              	.LVL2:
  74:Src/rtc.c     **** 
  75:Src/rtc.c     ****   if(rtcHandle->Instance==RTC)
  96              		.loc 1 75 0
  97 0000 0268     		ldr	r2, [r0]
  98 0002 054B     		ldr	r3, .L9
ARM GAS  C:\Users\HOGEHO~1\AppData\Local\Temp\ccZPnp9i.s 			page 4


  99 0004 9A42     		cmp	r2, r3
 100 0006 00D0     		beq	.L8
 101              	.L6:
  76:Src/rtc.c     ****   {
  77:Src/rtc.c     ****   /* USER CODE BEGIN RTC_MspInit 0 */
  78:Src/rtc.c     **** 
  79:Src/rtc.c     ****   /* USER CODE END RTC_MspInit 0 */
  80:Src/rtc.c     ****     /* RTC clock enable */
  81:Src/rtc.c     ****     __HAL_RCC_RTC_ENABLE();
  82:Src/rtc.c     ****   /* USER CODE BEGIN RTC_MspInit 1 */
  83:Src/rtc.c     **** 
  84:Src/rtc.c     ****   /* USER CODE END RTC_MspInit 1 */
  85:Src/rtc.c     ****   }
  86:Src/rtc.c     **** }
 102              		.loc 1 86 0
 103              		@ sp needed
 104 0008 7047     		bx	lr
 105              	.L8:
  81:Src/rtc.c     ****   /* USER CODE BEGIN RTC_MspInit 1 */
 106              		.loc 1 81 0
 107 000a 044A     		ldr	r2, .L9+4
 108 000c 116A     		ldr	r1, [r2, #32]
 109 000e 8023     		movs	r3, #128
 110 0010 1B02     		lsls	r3, r3, #8
 111 0012 0B43     		orrs	r3, r1
 112 0014 1362     		str	r3, [r2, #32]
 113              		.loc 1 86 0
 114 0016 F7E7     		b	.L6
 115              	.L10:
 116              		.align	2
 117              	.L9:
 118 0018 00280040 		.word	1073752064
 119 001c 00100240 		.word	1073876992
 120              		.cfi_endproc
 121              	.LFE36:
 123              		.section	.text.HAL_RTC_MspDeInit,"ax",%progbits
 124              		.align	1
 125              		.global	HAL_RTC_MspDeInit
 126              		.syntax unified
 127              		.code	16
 128              		.thumb_func
 129              		.fpu softvfp
 131              	HAL_RTC_MspDeInit:
 132              	.LFB37:
  87:Src/rtc.c     **** 
  88:Src/rtc.c     **** void HAL_RTC_MspDeInit(RTC_HandleTypeDef* rtcHandle)
  89:Src/rtc.c     **** {
 133              		.loc 1 89 0
 134              		.cfi_startproc
 135              		@ args = 0, pretend = 0, frame = 0
 136              		@ frame_needed = 0, uses_anonymous_args = 0
 137              		@ link register save eliminated.
 138              	.LVL3:
  90:Src/rtc.c     **** 
  91:Src/rtc.c     ****   if(rtcHandle->Instance==RTC)
 139              		.loc 1 91 0
 140 0000 0268     		ldr	r2, [r0]
ARM GAS  C:\Users\HOGEHO~1\AppData\Local\Temp\ccZPnp9i.s 			page 5


 141 0002 054B     		ldr	r3, .L14
 142 0004 9A42     		cmp	r2, r3
 143 0006 00D0     		beq	.L13
 144              	.L11:
  92:Src/rtc.c     ****   {
  93:Src/rtc.c     ****   /* USER CODE BEGIN RTC_MspDeInit 0 */
  94:Src/rtc.c     **** 
  95:Src/rtc.c     ****   /* USER CODE END RTC_MspDeInit 0 */
  96:Src/rtc.c     ****     /* Peripheral clock disable */
  97:Src/rtc.c     ****     __HAL_RCC_RTC_DISABLE();
  98:Src/rtc.c     ****   /* USER CODE BEGIN RTC_MspDeInit 1 */
  99:Src/rtc.c     **** 
 100:Src/rtc.c     ****   /* USER CODE END RTC_MspDeInit 1 */
 101:Src/rtc.c     ****   }
 102:Src/rtc.c     **** } 
 145              		.loc 1 102 0
 146              		@ sp needed
 147 0008 7047     		bx	lr
 148              	.L13:
  97:Src/rtc.c     ****   /* USER CODE BEGIN RTC_MspDeInit 1 */
 149              		.loc 1 97 0
 150 000a 044A     		ldr	r2, .L14+4
 151 000c 136A     		ldr	r3, [r2, #32]
 152 000e 0449     		ldr	r1, .L14+8
 153 0010 0B40     		ands	r3, r1
 154 0012 1362     		str	r3, [r2, #32]
 155              		.loc 1 102 0
 156 0014 F8E7     		b	.L11
 157              	.L15:
 158 0016 C046     		.align	2
 159              	.L14:
 160 0018 00280040 		.word	1073752064
 161 001c 00100240 		.word	1073876992
 162 0020 FF7FFFFF 		.word	-32769
 163              		.cfi_endproc
 164              	.LFE37:
 166              		.global	hrtc
 167              		.section	.bss.hrtc,"aw",%nobits
 168              		.align	2
 169              		.set	.LANCHOR0,. + 0
 172              	hrtc:
 173 0000 00000000 		.space	32
 173      00000000 
 173      00000000 
 173      00000000 
 173      00000000 
 174              		.section	.rodata.MX_RTC_Init.str1.4,"aMS",%progbits,1
 175              		.align	2
 176              	.LC1:
 177 0000 5372632F 		.ascii	"Src/rtc.c\000"
 177      7274632E 
 177      6300
 178              		.text
 179              	.Letext0:
 180              		.file 2 "c:\\program files (x86)\\gnu tools arm embedded\\7 2018-q2-update\\arm-none-eabi\\include
 181              		.file 3 "c:\\program files (x86)\\gnu tools arm embedded\\7 2018-q2-update\\arm-none-eabi\\include
 182              		.file 4 "Drivers/CMSIS/Device/ST/STM32F0xx/Include/system_stm32f0xx.h"
ARM GAS  C:\Users\HOGEHO~1\AppData\Local\Temp\ccZPnp9i.s 			page 6


 183              		.file 5 "Drivers/CMSIS/Device/ST/STM32F0xx/Include/stm32f042x6.h"
 184              		.file 6 "Drivers/CMSIS/Device/ST/STM32F0xx/Include/stm32f0xx.h"
 185              		.file 7 "c:\\program files (x86)\\gnu tools arm embedded\\7 2018-q2-update\\arm-none-eabi\\include
 186              		.file 8 "c:\\program files (x86)\\gnu tools arm embedded\\7 2018-q2-update\\arm-none-eabi\\include
 187              		.file 9 "c:\\program files (x86)\\gnu tools arm embedded\\7 2018-q2-update\\lib\\gcc\\arm-none-eab
 188              		.file 10 "c:\\program files (x86)\\gnu tools arm embedded\\7 2018-q2-update\\arm-none-eabi\\includ
 189              		.file 11 "Drivers/STM32F0xx_HAL_Driver/Inc/stm32f0xx_hal_def.h"
 190              		.file 12 "Drivers/STM32F0xx_HAL_Driver/Inc/stm32f0xx_hal_rtc.h"
 191              		.file 13 "Inc/rtc.h"
ARM GAS  C:\Users\HOGEHO~1\AppData\Local\Temp\ccZPnp9i.s 			page 7


DEFINED SYMBOLS
                            *ABS*:00000000 rtc.c
C:\Users\HOGEHO~1\AppData\Local\Temp\ccZPnp9i.s:16     .text.MX_RTC_Init:00000000 $t
C:\Users\HOGEHO~1\AppData\Local\Temp\ccZPnp9i.s:23     .text.MX_RTC_Init:00000000 MX_RTC_Init
C:\Users\HOGEHO~1\AppData\Local\Temp\ccZPnp9i.s:74     .text.MX_RTC_Init:00000030 $d
C:\Users\HOGEHO~1\AppData\Local\Temp\ccZPnp9i.s:81     .text.HAL_RTC_MspInit:00000000 $t
C:\Users\HOGEHO~1\AppData\Local\Temp\ccZPnp9i.s:88     .text.HAL_RTC_MspInit:00000000 HAL_RTC_MspInit
C:\Users\HOGEHO~1\AppData\Local\Temp\ccZPnp9i.s:118    .text.HAL_RTC_MspInit:00000018 $d
C:\Users\HOGEHO~1\AppData\Local\Temp\ccZPnp9i.s:124    .text.HAL_RTC_MspDeInit:00000000 $t
C:\Users\HOGEHO~1\AppData\Local\Temp\ccZPnp9i.s:131    .text.HAL_RTC_MspDeInit:00000000 HAL_RTC_MspDeInit
C:\Users\HOGEHO~1\AppData\Local\Temp\ccZPnp9i.s:160    .text.HAL_RTC_MspDeInit:00000018 $d
C:\Users\HOGEHO~1\AppData\Local\Temp\ccZPnp9i.s:172    .bss.hrtc:00000000 hrtc
C:\Users\HOGEHO~1\AppData\Local\Temp\ccZPnp9i.s:168    .bss.hrtc:00000000 $d
C:\Users\HOGEHO~1\AppData\Local\Temp\ccZPnp9i.s:175    .rodata.MX_RTC_Init.str1.4:00000000 $d

UNDEFINED SYMBOLS
HAL_RTC_Init
_Error_Handler
