ARM GAS  C:\Users\HOGEHO~1\AppData\Local\Temp\cc0JCNRa.s 			page 1


   1              		.cpu cortex-m0
   2              		.eabi_attribute 20, 1
   3              		.eabi_attribute 21, 1
   4              		.eabi_attribute 23, 3
   5              		.eabi_attribute 24, 1
   6              		.eabi_attribute 25, 1
   7              		.eabi_attribute 26, 1
   8              		.eabi_attribute 30, 1
   9              		.eabi_attribute 34, 0
  10              		.eabi_attribute 18, 4
  11              		.file	"stm32f0xx_hal_msp.c"
  12              		.text
  13              	.Ltext0:
  14              		.cfi_sections	.debug_frame
  15              		.section	.text.HAL_MspInit,"ax",%progbits
  16              		.align	1
  17              		.global	HAL_MspInit
  18              		.syntax unified
  19              		.code	16
  20              		.thumb_func
  21              		.fpu softvfp
  23              	HAL_MspInit:
  24              	.LFB35:
  25              		.file 1 "Src/stm32f0xx_hal_msp.c"
   1:Src/stm32f0xx_hal_msp.c **** /**
   2:Src/stm32f0xx_hal_msp.c ****   ******************************************************************************
   3:Src/stm32f0xx_hal_msp.c ****   * File Name          : stm32f0xx_hal_msp.c
   4:Src/stm32f0xx_hal_msp.c ****   * Description        : This file provides code for the MSP Initialization 
   5:Src/stm32f0xx_hal_msp.c ****   *                      and de-Initialization codes.
   6:Src/stm32f0xx_hal_msp.c ****   ******************************************************************************
   7:Src/stm32f0xx_hal_msp.c ****   ** This notice applies to any and all portions of this file
   8:Src/stm32f0xx_hal_msp.c ****   * that are not between comment pairs USER CODE BEGIN and
   9:Src/stm32f0xx_hal_msp.c ****   * USER CODE END. Other portions of this file, whether 
  10:Src/stm32f0xx_hal_msp.c ****   * inserted by the user or by software development tools
  11:Src/stm32f0xx_hal_msp.c ****   * are owned by their respective copyright owners.
  12:Src/stm32f0xx_hal_msp.c ****   *
  13:Src/stm32f0xx_hal_msp.c ****   * COPYRIGHT(c) 2018 STMicroelectronics
  14:Src/stm32f0xx_hal_msp.c ****   *
  15:Src/stm32f0xx_hal_msp.c ****   * Redistribution and use in source and binary forms, with or without modification,
  16:Src/stm32f0xx_hal_msp.c ****   * are permitted provided that the following conditions are met:
  17:Src/stm32f0xx_hal_msp.c ****   *   1. Redistributions of source code must retain the above copyright notice,
  18:Src/stm32f0xx_hal_msp.c ****   *      this list of conditions and the following disclaimer.
  19:Src/stm32f0xx_hal_msp.c ****   *   2. Redistributions in binary form must reproduce the above copyright notice,
  20:Src/stm32f0xx_hal_msp.c ****   *      this list of conditions and the following disclaimer in the documentation
  21:Src/stm32f0xx_hal_msp.c ****   *      and/or other materials provided with the distribution.
  22:Src/stm32f0xx_hal_msp.c ****   *   3. Neither the name of STMicroelectronics nor the names of its contributors
  23:Src/stm32f0xx_hal_msp.c ****   *      may be used to endorse or promote products derived from this software
  24:Src/stm32f0xx_hal_msp.c ****   *      without specific prior written permission.
  25:Src/stm32f0xx_hal_msp.c ****   *
  26:Src/stm32f0xx_hal_msp.c ****   * THIS SOFTWARE IS PROVIDED BY THE COPYRIGHT HOLDERS AND CONTRIBUTORS "AS IS"
  27:Src/stm32f0xx_hal_msp.c ****   * AND ANY EXPRESS OR IMPLIED WARRANTIES, INCLUDING, BUT NOT LIMITED TO, THE
  28:Src/stm32f0xx_hal_msp.c ****   * IMPLIED WARRANTIES OF MERCHANTABILITY AND FITNESS FOR A PARTICULAR PURPOSE ARE
  29:Src/stm32f0xx_hal_msp.c ****   * DISCLAIMED. IN NO EVENT SHALL THE COPYRIGHT HOLDER OR CONTRIBUTORS BE LIABLE
  30:Src/stm32f0xx_hal_msp.c ****   * FOR ANY DIRECT, INDIRECT, INCIDENTAL, SPECIAL, EXEMPLARY, OR CONSEQUENTIAL
  31:Src/stm32f0xx_hal_msp.c ****   * DAMAGES (INCLUDING, BUT NOT LIMITED TO, PROCUREMENT OF SUBSTITUTE GOODS OR
  32:Src/stm32f0xx_hal_msp.c ****   * SERVICES; LOSS OF USE, DATA, OR PROFITS; OR BUSINESS INTERRUPTION) HOWEVER
  33:Src/stm32f0xx_hal_msp.c ****   * CAUSED AND ON ANY THEORY OF LIABILITY, WHETHER IN CONTRACT, STRICT LIABILITY,
ARM GAS  C:\Users\HOGEHO~1\AppData\Local\Temp\cc0JCNRa.s 			page 2


  34:Src/stm32f0xx_hal_msp.c ****   * OR TORT (INCLUDING NEGLIGENCE OR OTHERWISE) ARISING IN ANY WAY OUT OF THE USE
  35:Src/stm32f0xx_hal_msp.c ****   * OF THIS SOFTWARE, EVEN IF ADVISED OF THE POSSIBILITY OF SUCH DAMAGE.
  36:Src/stm32f0xx_hal_msp.c ****   *
  37:Src/stm32f0xx_hal_msp.c ****   ******************************************************************************
  38:Src/stm32f0xx_hal_msp.c ****   */
  39:Src/stm32f0xx_hal_msp.c **** /* Includes ------------------------------------------------------------------*/
  40:Src/stm32f0xx_hal_msp.c **** #include "stm32f0xx_hal.h"
  41:Src/stm32f0xx_hal_msp.c **** 
  42:Src/stm32f0xx_hal_msp.c **** extern void _Error_Handler(char *, int);
  43:Src/stm32f0xx_hal_msp.c **** /* USER CODE BEGIN 0 */
  44:Src/stm32f0xx_hal_msp.c **** 
  45:Src/stm32f0xx_hal_msp.c **** /* USER CODE END 0 */
  46:Src/stm32f0xx_hal_msp.c **** /**
  47:Src/stm32f0xx_hal_msp.c ****   * Initializes the Global MSP.
  48:Src/stm32f0xx_hal_msp.c ****   */
  49:Src/stm32f0xx_hal_msp.c **** void HAL_MspInit(void)
  50:Src/stm32f0xx_hal_msp.c **** {
  26              		.loc 1 50 0
  27              		.cfi_startproc
  28              		@ args = 0, pretend = 0, frame = 8
  29              		@ frame_needed = 0, uses_anonymous_args = 0
  30 0000 00B5     		push	{lr}
  31              	.LCFI0:
  32              		.cfi_def_cfa_offset 4
  33              		.cfi_offset 14, -4
  34 0002 83B0     		sub	sp, sp, #12
  35              	.LCFI1:
  36              		.cfi_def_cfa_offset 16
  37              	.LBB2:
  51:Src/stm32f0xx_hal_msp.c ****   /* USER CODE BEGIN MspInit 0 */
  52:Src/stm32f0xx_hal_msp.c **** 
  53:Src/stm32f0xx_hal_msp.c ****   /* USER CODE END MspInit 0 */
  54:Src/stm32f0xx_hal_msp.c **** 
  55:Src/stm32f0xx_hal_msp.c ****   __HAL_RCC_SYSCFG_CLK_ENABLE();
  38              		.loc 1 55 0
  39 0004 124B     		ldr	r3, .L2
  40 0006 9969     		ldr	r1, [r3, #24]
  41 0008 0122     		movs	r2, #1
  42 000a 1143     		orrs	r1, r2
  43 000c 9961     		str	r1, [r3, #24]
  44 000e 9969     		ldr	r1, [r3, #24]
  45 0010 0A40     		ands	r2, r1
  46 0012 0092     		str	r2, [sp]
  47 0014 009A     		ldr	r2, [sp]
  48              	.LBE2:
  49              	.LBB3:
  56:Src/stm32f0xx_hal_msp.c ****   __HAL_RCC_PWR_CLK_ENABLE();
  50              		.loc 1 56 0
  51 0016 DA69     		ldr	r2, [r3, #28]
  52 0018 8021     		movs	r1, #128
  53 001a 4905     		lsls	r1, r1, #21
  54 001c 0A43     		orrs	r2, r1
  55 001e DA61     		str	r2, [r3, #28]
  56 0020 DB69     		ldr	r3, [r3, #28]
  57 0022 0B40     		ands	r3, r1
  58 0024 0193     		str	r3, [sp, #4]
  59 0026 019B     		ldr	r3, [sp, #4]
ARM GAS  C:\Users\HOGEHO~1\AppData\Local\Temp\cc0JCNRa.s 			page 3


  60              	.LBE3:
  57:Src/stm32f0xx_hal_msp.c **** 
  58:Src/stm32f0xx_hal_msp.c ****   /* System interrupt init*/
  59:Src/stm32f0xx_hal_msp.c ****   /* SVC_IRQn interrupt configuration */
  60:Src/stm32f0xx_hal_msp.c ****   HAL_NVIC_SetPriority(SVC_IRQn, 0, 0);
  61              		.loc 1 60 0
  62 0028 0520     		movs	r0, #5
  63 002a 0022     		movs	r2, #0
  64 002c 0021     		movs	r1, #0
  65 002e 4042     		rsbs	r0, r0, #0
  66 0030 FFF7FEFF 		bl	HAL_NVIC_SetPriority
  67              	.LVL0:
  61:Src/stm32f0xx_hal_msp.c ****   /* PendSV_IRQn interrupt configuration */
  62:Src/stm32f0xx_hal_msp.c ****   HAL_NVIC_SetPriority(PendSV_IRQn, 0, 0);
  68              		.loc 1 62 0
  69 0034 0220     		movs	r0, #2
  70 0036 0022     		movs	r2, #0
  71 0038 0021     		movs	r1, #0
  72 003a 4042     		rsbs	r0, r0, #0
  73 003c FFF7FEFF 		bl	HAL_NVIC_SetPriority
  74              	.LVL1:
  63:Src/stm32f0xx_hal_msp.c ****   /* SysTick_IRQn interrupt configuration */
  64:Src/stm32f0xx_hal_msp.c ****   HAL_NVIC_SetPriority(SysTick_IRQn, 0, 0);
  75              		.loc 1 64 0
  76 0040 0120     		movs	r0, #1
  77 0042 0022     		movs	r2, #0
  78 0044 0021     		movs	r1, #0
  79 0046 4042     		rsbs	r0, r0, #0
  80 0048 FFF7FEFF 		bl	HAL_NVIC_SetPriority
  81              	.LVL2:
  65:Src/stm32f0xx_hal_msp.c **** 
  66:Src/stm32f0xx_hal_msp.c ****   /* USER CODE BEGIN MspInit 1 */
  67:Src/stm32f0xx_hal_msp.c **** 
  68:Src/stm32f0xx_hal_msp.c ****   /* USER CODE END MspInit 1 */
  69:Src/stm32f0xx_hal_msp.c **** }
  82              		.loc 1 69 0
  83 004c 03B0     		add	sp, sp, #12
  84              		@ sp needed
  85 004e 00BD     		pop	{pc}
  86              	.L3:
  87              		.align	2
  88              	.L2:
  89 0050 00100240 		.word	1073876992
  90              		.cfi_endproc
  91              	.LFE35:
  93              		.text
  94              	.Letext0:
  95              		.file 2 "Drivers/CMSIS/Device/ST/STM32F0xx/Include/stm32f042x6.h"
  96              		.file 3 "c:\\program files (x86)\\gnu tools arm embedded\\7 2018-q2-update\\arm-none-eabi\\include
  97              		.file 4 "c:\\program files (x86)\\gnu tools arm embedded\\7 2018-q2-update\\arm-none-eabi\\include
  98              		.file 5 "Drivers/CMSIS/Device/ST/STM32F0xx/Include/system_stm32f0xx.h"
  99              		.file 6 "c:\\program files (x86)\\gnu tools arm embedded\\7 2018-q2-update\\arm-none-eabi\\include
 100              		.file 7 "c:\\program files (x86)\\gnu tools arm embedded\\7 2018-q2-update\\arm-none-eabi\\include
 101              		.file 8 "c:\\program files (x86)\\gnu tools arm embedded\\7 2018-q2-update\\lib\\gcc\\arm-none-eab
 102              		.file 9 "c:\\program files (x86)\\gnu tools arm embedded\\7 2018-q2-update\\arm-none-eabi\\include
 103              		.file 10 "Drivers/STM32F0xx_HAL_Driver/Inc/stm32f0xx_hal_cortex.h"
ARM GAS  C:\Users\HOGEHO~1\AppData\Local\Temp\cc0JCNRa.s 			page 4


DEFINED SYMBOLS
                            *ABS*:00000000 stm32f0xx_hal_msp.c
C:\Users\HOGEHO~1\AppData\Local\Temp\cc0JCNRa.s:16     .text.HAL_MspInit:00000000 $t
C:\Users\HOGEHO~1\AppData\Local\Temp\cc0JCNRa.s:23     .text.HAL_MspInit:00000000 HAL_MspInit
C:\Users\HOGEHO~1\AppData\Local\Temp\cc0JCNRa.s:89     .text.HAL_MspInit:00000050 $d

UNDEFINED SYMBOLS
HAL_NVIC_SetPriority
