ARM GAS  C:\Users\HOGEHO~1\AppData\Local\Temp\cc4bWw9e.s 			page 1


   1              		.cpu cortex-m0
   2              		.eabi_attribute 20, 1
   3              		.eabi_attribute 21, 1
   4              		.eabi_attribute 23, 3
   5              		.eabi_attribute 24, 1
   6              		.eabi_attribute 25, 1
   7              		.eabi_attribute 26, 1
   8              		.eabi_attribute 30, 1
   9              		.eabi_attribute 34, 0
  10              		.eabi_attribute 18, 4
  11              		.file	"stm32f0xx_hal_gpio.c"
  12              		.text
  13              	.Ltext0:
  14              		.cfi_sections	.debug_frame
  15              		.section	.text.HAL_GPIO_Init,"ax",%progbits
  16              		.align	1
  17              		.global	HAL_GPIO_Init
  18              		.syntax unified
  19              		.code	16
  20              		.thumb_func
  21              		.fpu softvfp
  23              	HAL_GPIO_Init:
  24              	.LFB35:
  25              		.file 1 "Drivers/STM32F0xx_HAL_Driver/Src/stm32f0xx_hal_gpio.c"
   1:Drivers/STM32F0xx_HAL_Driver/Src/stm32f0xx_hal_gpio.c **** /**
   2:Drivers/STM32F0xx_HAL_Driver/Src/stm32f0xx_hal_gpio.c ****   ******************************************************************************
   3:Drivers/STM32F0xx_HAL_Driver/Src/stm32f0xx_hal_gpio.c ****   * @file    stm32f0xx_hal_gpio.c
   4:Drivers/STM32F0xx_HAL_Driver/Src/stm32f0xx_hal_gpio.c ****   * @author  MCD Application Team
   5:Drivers/STM32F0xx_HAL_Driver/Src/stm32f0xx_hal_gpio.c ****   * @brief   GPIO HAL module driver.
   6:Drivers/STM32F0xx_HAL_Driver/Src/stm32f0xx_hal_gpio.c ****   *          This file provides firmware functions to manage the following 
   7:Drivers/STM32F0xx_HAL_Driver/Src/stm32f0xx_hal_gpio.c ****   *          functionalities of the General Purpose Input/Output (GPIO) peripheral:
   8:Drivers/STM32F0xx_HAL_Driver/Src/stm32f0xx_hal_gpio.c ****   *           + Initialization and de-initialization functions
   9:Drivers/STM32F0xx_HAL_Driver/Src/stm32f0xx_hal_gpio.c ****   *           + IO operation functions
  10:Drivers/STM32F0xx_HAL_Driver/Src/stm32f0xx_hal_gpio.c ****   *         
  11:Drivers/STM32F0xx_HAL_Driver/Src/stm32f0xx_hal_gpio.c ****   @verbatim
  12:Drivers/STM32F0xx_HAL_Driver/Src/stm32f0xx_hal_gpio.c ****   ==============================================================================
  13:Drivers/STM32F0xx_HAL_Driver/Src/stm32f0xx_hal_gpio.c ****                     ##### GPIO Peripheral features #####
  14:Drivers/STM32F0xx_HAL_Driver/Src/stm32f0xx_hal_gpio.c ****   ==============================================================================         
  15:Drivers/STM32F0xx_HAL_Driver/Src/stm32f0xx_hal_gpio.c ****   [..] 
  16:Drivers/STM32F0xx_HAL_Driver/Src/stm32f0xx_hal_gpio.c ****     (+) Each port bit of the general-purpose I/O (GPIO) ports can be individually
  17:Drivers/STM32F0xx_HAL_Driver/Src/stm32f0xx_hal_gpio.c ****   configured by software in several modes:
  18:Drivers/STM32F0xx_HAL_Driver/Src/stm32f0xx_hal_gpio.c ****         (++) Input mode
  19:Drivers/STM32F0xx_HAL_Driver/Src/stm32f0xx_hal_gpio.c ****         (++) Analog mode
  20:Drivers/STM32F0xx_HAL_Driver/Src/stm32f0xx_hal_gpio.c ****         (++) Output mode
  21:Drivers/STM32F0xx_HAL_Driver/Src/stm32f0xx_hal_gpio.c ****         (++) Alternate function mode
  22:Drivers/STM32F0xx_HAL_Driver/Src/stm32f0xx_hal_gpio.c ****         (++) External interrupt/event lines
  23:Drivers/STM32F0xx_HAL_Driver/Src/stm32f0xx_hal_gpio.c ****  
  24:Drivers/STM32F0xx_HAL_Driver/Src/stm32f0xx_hal_gpio.c ****     (+) During and just after reset, the alternate functions and external interrupt
  25:Drivers/STM32F0xx_HAL_Driver/Src/stm32f0xx_hal_gpio.c ****   lines are not active and the I/O ports are configured in input floating mode.
  26:Drivers/STM32F0xx_HAL_Driver/Src/stm32f0xx_hal_gpio.c ****   
  27:Drivers/STM32F0xx_HAL_Driver/Src/stm32f0xx_hal_gpio.c ****     (+) All GPIO pins have weak internal pull-up and pull-down resistors, which can be
  28:Drivers/STM32F0xx_HAL_Driver/Src/stm32f0xx_hal_gpio.c ****   activated or not.
  29:Drivers/STM32F0xx_HAL_Driver/Src/stm32f0xx_hal_gpio.c ****            
  30:Drivers/STM32F0xx_HAL_Driver/Src/stm32f0xx_hal_gpio.c ****     (+) In Output or Alternate mode, each IO can be configured on open-drain or push-pull
  31:Drivers/STM32F0xx_HAL_Driver/Src/stm32f0xx_hal_gpio.c ****   type and the IO speed can be selected depending on the VDD value.
  32:Drivers/STM32F0xx_HAL_Driver/Src/stm32f0xx_hal_gpio.c ****        
  33:Drivers/STM32F0xx_HAL_Driver/Src/stm32f0xx_hal_gpio.c ****     (+) The microcontroller IO pins are connected to onboard peripherals/modules through a
ARM GAS  C:\Users\HOGEHO~1\AppData\Local\Temp\cc4bWw9e.s 			page 2


  34:Drivers/STM32F0xx_HAL_Driver/Src/stm32f0xx_hal_gpio.c ****         multiplexer that allows only one peripheral alternate function (AF) connected
  35:Drivers/STM32F0xx_HAL_Driver/Src/stm32f0xx_hal_gpio.c ****   to an IO pin at a time. In this way, there can be no conflict between peripherals 
  36:Drivers/STM32F0xx_HAL_Driver/Src/stm32f0xx_hal_gpio.c ****   sharing the same IO pin. 
  37:Drivers/STM32F0xx_HAL_Driver/Src/stm32f0xx_hal_gpio.c ****   
  38:Drivers/STM32F0xx_HAL_Driver/Src/stm32f0xx_hal_gpio.c ****     (+) All ports have external interrupt/event capability. To use external interrupt
  39:Drivers/STM32F0xx_HAL_Driver/Src/stm32f0xx_hal_gpio.c ****   lines, the port must be configured in input mode. All available GPIO pins are 
  40:Drivers/STM32F0xx_HAL_Driver/Src/stm32f0xx_hal_gpio.c ****   connected to the 16 external interrupt/event lines from EXTI0 to EXTI15.
  41:Drivers/STM32F0xx_HAL_Driver/Src/stm32f0xx_hal_gpio.c ****   
  42:Drivers/STM32F0xx_HAL_Driver/Src/stm32f0xx_hal_gpio.c ****     (+) The external interrupt/event controller consists of up to 28 edge detectors
  43:Drivers/STM32F0xx_HAL_Driver/Src/stm32f0xx_hal_gpio.c ****         (16 lines are connected to GPIO) for generating event/interrupt requests (each
  44:Drivers/STM32F0xx_HAL_Driver/Src/stm32f0xx_hal_gpio.c ****         input line can be independently configured to select the type (interrupt or event)
  45:Drivers/STM32F0xx_HAL_Driver/Src/stm32f0xx_hal_gpio.c ****         and the corresponding trigger event (rising or falling or both). Each line can
  46:Drivers/STM32F0xx_HAL_Driver/Src/stm32f0xx_hal_gpio.c ****         also be masked independently.
  47:Drivers/STM32F0xx_HAL_Driver/Src/stm32f0xx_hal_gpio.c ****    
  48:Drivers/STM32F0xx_HAL_Driver/Src/stm32f0xx_hal_gpio.c ****             ##### How to use this driver #####
  49:Drivers/STM32F0xx_HAL_Driver/Src/stm32f0xx_hal_gpio.c ****   ==============================================================================  
  50:Drivers/STM32F0xx_HAL_Driver/Src/stm32f0xx_hal_gpio.c ****   [..]
  51:Drivers/STM32F0xx_HAL_Driver/Src/stm32f0xx_hal_gpio.c ****    (#) Enable the GPIO AHB clock using the following function : __HAL_RCC_GPIOx_CLK_ENABLE(). 
  52:Drivers/STM32F0xx_HAL_Driver/Src/stm32f0xx_hal_gpio.c ****                                     
  53:Drivers/STM32F0xx_HAL_Driver/Src/stm32f0xx_hal_gpio.c ****    (#) Configure the GPIO pin(s) using HAL_GPIO_Init().
  54:Drivers/STM32F0xx_HAL_Driver/Src/stm32f0xx_hal_gpio.c ****        (++) Configure the IO mode using "Mode" member from GPIO_InitTypeDef structure
  55:Drivers/STM32F0xx_HAL_Driver/Src/stm32f0xx_hal_gpio.c ****        (++) Activate Pull-up, Pull-down resistor using "Pull" member from GPIO_InitTypeDef 
  56:Drivers/STM32F0xx_HAL_Driver/Src/stm32f0xx_hal_gpio.c ****             structure.
  57:Drivers/STM32F0xx_HAL_Driver/Src/stm32f0xx_hal_gpio.c ****        (++) In case of Output or alternate function mode selection: the speed is 
  58:Drivers/STM32F0xx_HAL_Driver/Src/stm32f0xx_hal_gpio.c ****              configured through "Speed" member from GPIO_InitTypeDef structure.
  59:Drivers/STM32F0xx_HAL_Driver/Src/stm32f0xx_hal_gpio.c ****         (++) In alternate mode is selection, the alternate function connected to the IO
  60:Drivers/STM32F0xx_HAL_Driver/Src/stm32f0xx_hal_gpio.c ****              is configured through "Alternate" member from GPIO_InitTypeDef structure.
  61:Drivers/STM32F0xx_HAL_Driver/Src/stm32f0xx_hal_gpio.c ****        (++) Analog mode is required when a pin is to be used as ADC channel 
  62:Drivers/STM32F0xx_HAL_Driver/Src/stm32f0xx_hal_gpio.c ****             or DAC output.
  63:Drivers/STM32F0xx_HAL_Driver/Src/stm32f0xx_hal_gpio.c ****        (++) In case of external interrupt/event selection the "Mode" member from 
  64:Drivers/STM32F0xx_HAL_Driver/Src/stm32f0xx_hal_gpio.c ****             GPIO_InitTypeDef structure select the type (interrupt or event) and 
  65:Drivers/STM32F0xx_HAL_Driver/Src/stm32f0xx_hal_gpio.c ****             the corresponding trigger event (rising or falling or both).
  66:Drivers/STM32F0xx_HAL_Driver/Src/stm32f0xx_hal_gpio.c ****   
  67:Drivers/STM32F0xx_HAL_Driver/Src/stm32f0xx_hal_gpio.c ****    (#) In case of external interrupt/event mode selection, configure NVIC IRQ priority 
  68:Drivers/STM32F0xx_HAL_Driver/Src/stm32f0xx_hal_gpio.c ****        mapped to the EXTI line using HAL_NVIC_SetPriority() and enable it using
  69:Drivers/STM32F0xx_HAL_Driver/Src/stm32f0xx_hal_gpio.c ****        HAL_NVIC_EnableIRQ().
  70:Drivers/STM32F0xx_HAL_Driver/Src/stm32f0xx_hal_gpio.c ****   
  71:Drivers/STM32F0xx_HAL_Driver/Src/stm32f0xx_hal_gpio.c ****    (#) HAL_GPIO_DeInit allows to set register values to their reset value. It's also 
  72:Drivers/STM32F0xx_HAL_Driver/Src/stm32f0xx_hal_gpio.c ****        recommended to use it to unconfigure pin which was used as an external interrupt 
  73:Drivers/STM32F0xx_HAL_Driver/Src/stm32f0xx_hal_gpio.c ****        or in event mode. That's the only way to reset corresponding bit in EXTI & SYSCFG 
  74:Drivers/STM32F0xx_HAL_Driver/Src/stm32f0xx_hal_gpio.c ****        registers.
  75:Drivers/STM32F0xx_HAL_Driver/Src/stm32f0xx_hal_gpio.c ****   
  76:Drivers/STM32F0xx_HAL_Driver/Src/stm32f0xx_hal_gpio.c ****    (#) To get the level of a pin configured in input mode use HAL_GPIO_ReadPin().
  77:Drivers/STM32F0xx_HAL_Driver/Src/stm32f0xx_hal_gpio.c ****   
  78:Drivers/STM32F0xx_HAL_Driver/Src/stm32f0xx_hal_gpio.c ****    (#) To set/reset the level of a pin configured in output mode use 
  79:Drivers/STM32F0xx_HAL_Driver/Src/stm32f0xx_hal_gpio.c ****        HAL_GPIO_WritePin()/HAL_GPIO_TogglePin().
  80:Drivers/STM32F0xx_HAL_Driver/Src/stm32f0xx_hal_gpio.c ****   
  81:Drivers/STM32F0xx_HAL_Driver/Src/stm32f0xx_hal_gpio.c ****    (#) To lock pin configuration until next reset use HAL_GPIO_LockPin().
  82:Drivers/STM32F0xx_HAL_Driver/Src/stm32f0xx_hal_gpio.c ****   
  83:Drivers/STM32F0xx_HAL_Driver/Src/stm32f0xx_hal_gpio.c ****    (#) During and just after reset, the alternate functions are not 
  84:Drivers/STM32F0xx_HAL_Driver/Src/stm32f0xx_hal_gpio.c ****        active and the GPIO pins are configured in input floating mode (except JTAG
  85:Drivers/STM32F0xx_HAL_Driver/Src/stm32f0xx_hal_gpio.c ****        pins).
  86:Drivers/STM32F0xx_HAL_Driver/Src/stm32f0xx_hal_gpio.c ****   
  87:Drivers/STM32F0xx_HAL_Driver/Src/stm32f0xx_hal_gpio.c ****    (#) The LSE oscillator pins OSC32_IN and OSC32_OUT can be used as general purpose 
  88:Drivers/STM32F0xx_HAL_Driver/Src/stm32f0xx_hal_gpio.c ****        (PC14 and PC15, respectively) when the LSE oscillator is off. The LSE has 
  89:Drivers/STM32F0xx_HAL_Driver/Src/stm32f0xx_hal_gpio.c ****        priority over the GPIO function.
  90:Drivers/STM32F0xx_HAL_Driver/Src/stm32f0xx_hal_gpio.c ****   
ARM GAS  C:\Users\HOGEHO~1\AppData\Local\Temp\cc4bWw9e.s 			page 3


  91:Drivers/STM32F0xx_HAL_Driver/Src/stm32f0xx_hal_gpio.c ****    (#) The HSE oscillator pins OSC_IN/OSC_OUT can be used as 
  92:Drivers/STM32F0xx_HAL_Driver/Src/stm32f0xx_hal_gpio.c ****         general purpose PF0 and PF1, respectively, when the HSE oscillator is off.
  93:Drivers/STM32F0xx_HAL_Driver/Src/stm32f0xx_hal_gpio.c ****        The HSE has priority over the GPIO function.
  94:Drivers/STM32F0xx_HAL_Driver/Src/stm32f0xx_hal_gpio.c ****   
  95:Drivers/STM32F0xx_HAL_Driver/Src/stm32f0xx_hal_gpio.c ****   @endverbatim
  96:Drivers/STM32F0xx_HAL_Driver/Src/stm32f0xx_hal_gpio.c ****   ******************************************************************************
  97:Drivers/STM32F0xx_HAL_Driver/Src/stm32f0xx_hal_gpio.c ****   * @attention
  98:Drivers/STM32F0xx_HAL_Driver/Src/stm32f0xx_hal_gpio.c ****   *
  99:Drivers/STM32F0xx_HAL_Driver/Src/stm32f0xx_hal_gpio.c ****   * <h2><center>&copy; COPYRIGHT(c) 2016 STMicroelectronics</center></h2>
 100:Drivers/STM32F0xx_HAL_Driver/Src/stm32f0xx_hal_gpio.c ****   *
 101:Drivers/STM32F0xx_HAL_Driver/Src/stm32f0xx_hal_gpio.c ****   * Redistribution and use in source and binary forms, with or without modification,
 102:Drivers/STM32F0xx_HAL_Driver/Src/stm32f0xx_hal_gpio.c ****   * are permitted provided that the following conditions are met:
 103:Drivers/STM32F0xx_HAL_Driver/Src/stm32f0xx_hal_gpio.c ****   *   1. Redistributions of source code must retain the above copyright notice,
 104:Drivers/STM32F0xx_HAL_Driver/Src/stm32f0xx_hal_gpio.c ****   *      this list of conditions and the following disclaimer.
 105:Drivers/STM32F0xx_HAL_Driver/Src/stm32f0xx_hal_gpio.c ****   *   2. Redistributions in binary form must reproduce the above copyright notice,
 106:Drivers/STM32F0xx_HAL_Driver/Src/stm32f0xx_hal_gpio.c ****   *      this list of conditions and the following disclaimer in the documentation
 107:Drivers/STM32F0xx_HAL_Driver/Src/stm32f0xx_hal_gpio.c ****   *      and/or other materials provided with the distribution.
 108:Drivers/STM32F0xx_HAL_Driver/Src/stm32f0xx_hal_gpio.c ****   *   3. Neither the name of STMicroelectronics nor the names of its contributors
 109:Drivers/STM32F0xx_HAL_Driver/Src/stm32f0xx_hal_gpio.c ****   *      may be used to endorse or promote products derived from this software
 110:Drivers/STM32F0xx_HAL_Driver/Src/stm32f0xx_hal_gpio.c ****   *      without specific prior written permission.
 111:Drivers/STM32F0xx_HAL_Driver/Src/stm32f0xx_hal_gpio.c ****   *
 112:Drivers/STM32F0xx_HAL_Driver/Src/stm32f0xx_hal_gpio.c ****   * THIS SOFTWARE IS PROVIDED BY THE COPYRIGHT HOLDERS AND CONTRIBUTORS "AS IS"
 113:Drivers/STM32F0xx_HAL_Driver/Src/stm32f0xx_hal_gpio.c ****   * AND ANY EXPRESS OR IMPLIED WARRANTIES, INCLUDING, BUT NOT LIMITED TO, THE
 114:Drivers/STM32F0xx_HAL_Driver/Src/stm32f0xx_hal_gpio.c ****   * IMPLIED WARRANTIES OF MERCHANTABILITY AND FITNESS FOR A PARTICULAR PURPOSE ARE
 115:Drivers/STM32F0xx_HAL_Driver/Src/stm32f0xx_hal_gpio.c ****   * DISCLAIMED. IN NO EVENT SHALL THE COPYRIGHT HOLDER OR CONTRIBUTORS BE LIABLE
 116:Drivers/STM32F0xx_HAL_Driver/Src/stm32f0xx_hal_gpio.c ****   * FOR ANY DIRECT, INDIRECT, INCIDENTAL, SPECIAL, EXEMPLARY, OR CONSEQUENTIAL
 117:Drivers/STM32F0xx_HAL_Driver/Src/stm32f0xx_hal_gpio.c ****   * DAMAGES (INCLUDING, BUT NOT LIMITED TO, PROCUREMENT OF SUBSTITUTE GOODS OR
 118:Drivers/STM32F0xx_HAL_Driver/Src/stm32f0xx_hal_gpio.c ****   * SERVICES; LOSS OF USE, DATA, OR PROFITS; OR BUSINESS INTERRUPTION) HOWEVER
 119:Drivers/STM32F0xx_HAL_Driver/Src/stm32f0xx_hal_gpio.c ****   * CAUSED AND ON ANY THEORY OF LIABILITY, WHETHER IN CONTRACT, STRICT LIABILITY,
 120:Drivers/STM32F0xx_HAL_Driver/Src/stm32f0xx_hal_gpio.c ****   * OR TORT (INCLUDING NEGLIGENCE OR OTHERWISE) ARISING IN ANY WAY OUT OF THE USE
 121:Drivers/STM32F0xx_HAL_Driver/Src/stm32f0xx_hal_gpio.c ****   * OF THIS SOFTWARE, EVEN IF ADVISED OF THE POSSIBILITY OF SUCH DAMAGE.
 122:Drivers/STM32F0xx_HAL_Driver/Src/stm32f0xx_hal_gpio.c ****   *
 123:Drivers/STM32F0xx_HAL_Driver/Src/stm32f0xx_hal_gpio.c ****   ******************************************************************************  
 124:Drivers/STM32F0xx_HAL_Driver/Src/stm32f0xx_hal_gpio.c ****   */
 125:Drivers/STM32F0xx_HAL_Driver/Src/stm32f0xx_hal_gpio.c **** 
 126:Drivers/STM32F0xx_HAL_Driver/Src/stm32f0xx_hal_gpio.c **** /* Includes ------------------------------------------------------------------*/
 127:Drivers/STM32F0xx_HAL_Driver/Src/stm32f0xx_hal_gpio.c **** #include "stm32f0xx_hal.h"
 128:Drivers/STM32F0xx_HAL_Driver/Src/stm32f0xx_hal_gpio.c **** 
 129:Drivers/STM32F0xx_HAL_Driver/Src/stm32f0xx_hal_gpio.c **** /** @addtogroup STM32F0xx_HAL_Driver
 130:Drivers/STM32F0xx_HAL_Driver/Src/stm32f0xx_hal_gpio.c ****   * @{
 131:Drivers/STM32F0xx_HAL_Driver/Src/stm32f0xx_hal_gpio.c ****   */
 132:Drivers/STM32F0xx_HAL_Driver/Src/stm32f0xx_hal_gpio.c **** 
 133:Drivers/STM32F0xx_HAL_Driver/Src/stm32f0xx_hal_gpio.c **** /** @defgroup GPIO GPIO
 134:Drivers/STM32F0xx_HAL_Driver/Src/stm32f0xx_hal_gpio.c ****   * @brief GPIO HAL module driver
 135:Drivers/STM32F0xx_HAL_Driver/Src/stm32f0xx_hal_gpio.c ****   * @{
 136:Drivers/STM32F0xx_HAL_Driver/Src/stm32f0xx_hal_gpio.c ****   */
 137:Drivers/STM32F0xx_HAL_Driver/Src/stm32f0xx_hal_gpio.c **** 
 138:Drivers/STM32F0xx_HAL_Driver/Src/stm32f0xx_hal_gpio.c **** #ifdef HAL_GPIO_MODULE_ENABLED
 139:Drivers/STM32F0xx_HAL_Driver/Src/stm32f0xx_hal_gpio.c **** 
 140:Drivers/STM32F0xx_HAL_Driver/Src/stm32f0xx_hal_gpio.c **** /* Private typedef -----------------------------------------------------------*/
 141:Drivers/STM32F0xx_HAL_Driver/Src/stm32f0xx_hal_gpio.c **** /* Private defines -----------------------------------------------------------*/
 142:Drivers/STM32F0xx_HAL_Driver/Src/stm32f0xx_hal_gpio.c **** /** @defgroup GPIO_Private_Defines GPIO Private Defines
 143:Drivers/STM32F0xx_HAL_Driver/Src/stm32f0xx_hal_gpio.c ****   * @{
 144:Drivers/STM32F0xx_HAL_Driver/Src/stm32f0xx_hal_gpio.c ****   */
 145:Drivers/STM32F0xx_HAL_Driver/Src/stm32f0xx_hal_gpio.c **** #define GPIO_MODE             (0x00000003U)
 146:Drivers/STM32F0xx_HAL_Driver/Src/stm32f0xx_hal_gpio.c **** #define EXTI_MODE             (0x10000000U)
 147:Drivers/STM32F0xx_HAL_Driver/Src/stm32f0xx_hal_gpio.c **** #define GPIO_MODE_IT          (0x00010000U)
ARM GAS  C:\Users\HOGEHO~1\AppData\Local\Temp\cc4bWw9e.s 			page 4


 148:Drivers/STM32F0xx_HAL_Driver/Src/stm32f0xx_hal_gpio.c **** #define GPIO_MODE_EVT         (0x00020000U)
 149:Drivers/STM32F0xx_HAL_Driver/Src/stm32f0xx_hal_gpio.c **** #define RISING_EDGE           (0x00100000U)
 150:Drivers/STM32F0xx_HAL_Driver/Src/stm32f0xx_hal_gpio.c **** #define FALLING_EDGE          (0x00200000U)
 151:Drivers/STM32F0xx_HAL_Driver/Src/stm32f0xx_hal_gpio.c **** #define GPIO_OUTPUT_TYPE      (0x00000010U)
 152:Drivers/STM32F0xx_HAL_Driver/Src/stm32f0xx_hal_gpio.c **** 
 153:Drivers/STM32F0xx_HAL_Driver/Src/stm32f0xx_hal_gpio.c **** #define GPIO_NUMBER           (16U)
 154:Drivers/STM32F0xx_HAL_Driver/Src/stm32f0xx_hal_gpio.c **** /**
 155:Drivers/STM32F0xx_HAL_Driver/Src/stm32f0xx_hal_gpio.c ****   * @}
 156:Drivers/STM32F0xx_HAL_Driver/Src/stm32f0xx_hal_gpio.c ****   */
 157:Drivers/STM32F0xx_HAL_Driver/Src/stm32f0xx_hal_gpio.c **** 
 158:Drivers/STM32F0xx_HAL_Driver/Src/stm32f0xx_hal_gpio.c **** /* Private macros ------------------------------------------------------------*/
 159:Drivers/STM32F0xx_HAL_Driver/Src/stm32f0xx_hal_gpio.c **** /* Private variables ---------------------------------------------------------*/
 160:Drivers/STM32F0xx_HAL_Driver/Src/stm32f0xx_hal_gpio.c **** /* Private function prototypes -----------------------------------------------*/
 161:Drivers/STM32F0xx_HAL_Driver/Src/stm32f0xx_hal_gpio.c **** /* Exported functions --------------------------------------------------------*/
 162:Drivers/STM32F0xx_HAL_Driver/Src/stm32f0xx_hal_gpio.c **** 
 163:Drivers/STM32F0xx_HAL_Driver/Src/stm32f0xx_hal_gpio.c **** /** @defgroup GPIO_Exported_Functions GPIO Exported Functions
 164:Drivers/STM32F0xx_HAL_Driver/Src/stm32f0xx_hal_gpio.c ****   * @{
 165:Drivers/STM32F0xx_HAL_Driver/Src/stm32f0xx_hal_gpio.c ****   */
 166:Drivers/STM32F0xx_HAL_Driver/Src/stm32f0xx_hal_gpio.c **** 
 167:Drivers/STM32F0xx_HAL_Driver/Src/stm32f0xx_hal_gpio.c **** /** @defgroup GPIO_Exported_Functions_Group1 Initialization/de-initialization functions 
 168:Drivers/STM32F0xx_HAL_Driver/Src/stm32f0xx_hal_gpio.c ****  *  @brief    Initialization and Configuration functions 
 169:Drivers/STM32F0xx_HAL_Driver/Src/stm32f0xx_hal_gpio.c ****  *
 170:Drivers/STM32F0xx_HAL_Driver/Src/stm32f0xx_hal_gpio.c **** @verbatim    
 171:Drivers/STM32F0xx_HAL_Driver/Src/stm32f0xx_hal_gpio.c ****  ===============================================================================
 172:Drivers/STM32F0xx_HAL_Driver/Src/stm32f0xx_hal_gpio.c ****               ##### Initialization and de-initialization functions #####
 173:Drivers/STM32F0xx_HAL_Driver/Src/stm32f0xx_hal_gpio.c ****  ===============================================================================
 174:Drivers/STM32F0xx_HAL_Driver/Src/stm32f0xx_hal_gpio.c ****  
 175:Drivers/STM32F0xx_HAL_Driver/Src/stm32f0xx_hal_gpio.c **** @endverbatim
 176:Drivers/STM32F0xx_HAL_Driver/Src/stm32f0xx_hal_gpio.c ****   * @{
 177:Drivers/STM32F0xx_HAL_Driver/Src/stm32f0xx_hal_gpio.c ****   */
 178:Drivers/STM32F0xx_HAL_Driver/Src/stm32f0xx_hal_gpio.c **** 
 179:Drivers/STM32F0xx_HAL_Driver/Src/stm32f0xx_hal_gpio.c **** /**
 180:Drivers/STM32F0xx_HAL_Driver/Src/stm32f0xx_hal_gpio.c ****   * @brief  Initialize the GPIOx peripheral according to the specified parameters in the GPIO_Init.
 181:Drivers/STM32F0xx_HAL_Driver/Src/stm32f0xx_hal_gpio.c ****   * @param  GPIOx where x can be (A..F) to select the GPIO peripheral for STM32F0 family
 182:Drivers/STM32F0xx_HAL_Driver/Src/stm32f0xx_hal_gpio.c ****   * @param  GPIO_Init pointer to a GPIO_InitTypeDef structure that contains
 183:Drivers/STM32F0xx_HAL_Driver/Src/stm32f0xx_hal_gpio.c ****   *         the configuration information for the specified GPIO peripheral.
 184:Drivers/STM32F0xx_HAL_Driver/Src/stm32f0xx_hal_gpio.c ****   * @retval None
 185:Drivers/STM32F0xx_HAL_Driver/Src/stm32f0xx_hal_gpio.c ****   */
 186:Drivers/STM32F0xx_HAL_Driver/Src/stm32f0xx_hal_gpio.c **** void HAL_GPIO_Init(GPIO_TypeDef  *GPIOx, GPIO_InitTypeDef *GPIO_Init)
 187:Drivers/STM32F0xx_HAL_Driver/Src/stm32f0xx_hal_gpio.c **** { 
  26              		.loc 1 187 0
  27              		.cfi_startproc
  28              		@ args = 0, pretend = 0, frame = 8
  29              		@ frame_needed = 0, uses_anonymous_args = 0
  30              	.LVL0:
  31 0000 F0B5     		push	{r4, r5, r6, r7, lr}
  32              	.LCFI0:
  33              		.cfi_def_cfa_offset 20
  34              		.cfi_offset 4, -20
  35              		.cfi_offset 5, -16
  36              		.cfi_offset 6, -12
  37              		.cfi_offset 7, -8
  38              		.cfi_offset 14, -4
  39 0002 C646     		mov	lr, r8
  40 0004 00B5     		push	{lr}
  41              	.LCFI1:
  42              		.cfi_def_cfa_offset 24
ARM GAS  C:\Users\HOGEHO~1\AppData\Local\Temp\cc4bWw9e.s 			page 5


  43              		.cfi_offset 8, -24
  44 0006 82B0     		sub	sp, sp, #8
  45              	.LCFI2:
  46              		.cfi_def_cfa_offset 32
  47              	.LVL1:
 188:Drivers/STM32F0xx_HAL_Driver/Src/stm32f0xx_hal_gpio.c ****   uint32_t position = 0x00U;
  48              		.loc 1 188 0
  49 0008 0023     		movs	r3, #0
  50 000a 6BE0     		b	.L13
  51              	.LVL2:
  52              	.L6:
  53              	.LBB2:
  54              	.LBB3:
  55              	.LBB4:
 189:Drivers/STM32F0xx_HAL_Driver/Src/stm32f0xx_hal_gpio.c ****   uint32_t iocurrent = 0x00U;
 190:Drivers/STM32F0xx_HAL_Driver/Src/stm32f0xx_hal_gpio.c ****   uint32_t temp = 0x00U;
 191:Drivers/STM32F0xx_HAL_Driver/Src/stm32f0xx_hal_gpio.c **** 
 192:Drivers/STM32F0xx_HAL_Driver/Src/stm32f0xx_hal_gpio.c ****   /* Check the parameters */
 193:Drivers/STM32F0xx_HAL_Driver/Src/stm32f0xx_hal_gpio.c ****   assert_param(IS_GPIO_ALL_INSTANCE(GPIOx));
 194:Drivers/STM32F0xx_HAL_Driver/Src/stm32f0xx_hal_gpio.c ****   assert_param(IS_GPIO_PIN(GPIO_Init->Pin));
 195:Drivers/STM32F0xx_HAL_Driver/Src/stm32f0xx_hal_gpio.c ****   assert_param(IS_GPIO_MODE(GPIO_Init->Mode));
 196:Drivers/STM32F0xx_HAL_Driver/Src/stm32f0xx_hal_gpio.c ****   assert_param(IS_GPIO_PULL(GPIO_Init->Pull)); 
 197:Drivers/STM32F0xx_HAL_Driver/Src/stm32f0xx_hal_gpio.c **** 
 198:Drivers/STM32F0xx_HAL_Driver/Src/stm32f0xx_hal_gpio.c ****   /* Configure the port pins */
 199:Drivers/STM32F0xx_HAL_Driver/Src/stm32f0xx_hal_gpio.c ****   while (((GPIO_Init->Pin) >> position) != RESET)
 200:Drivers/STM32F0xx_HAL_Driver/Src/stm32f0xx_hal_gpio.c ****   {
 201:Drivers/STM32F0xx_HAL_Driver/Src/stm32f0xx_hal_gpio.c ****     /* Get current io position */
 202:Drivers/STM32F0xx_HAL_Driver/Src/stm32f0xx_hal_gpio.c ****     iocurrent = (GPIO_Init->Pin) & (1U << position);
 203:Drivers/STM32F0xx_HAL_Driver/Src/stm32f0xx_hal_gpio.c ****     
 204:Drivers/STM32F0xx_HAL_Driver/Src/stm32f0xx_hal_gpio.c ****     if(iocurrent)
 205:Drivers/STM32F0xx_HAL_Driver/Src/stm32f0xx_hal_gpio.c ****     {
 206:Drivers/STM32F0xx_HAL_Driver/Src/stm32f0xx_hal_gpio.c ****       /*--------------------- GPIO Mode Configuration ------------------------*/
 207:Drivers/STM32F0xx_HAL_Driver/Src/stm32f0xx_hal_gpio.c ****       /* In case of Alternate function mode selection */
 208:Drivers/STM32F0xx_HAL_Driver/Src/stm32f0xx_hal_gpio.c ****       if((GPIO_Init->Mode == GPIO_MODE_AF_PP) || (GPIO_Init->Mode == GPIO_MODE_AF_OD)) 
 209:Drivers/STM32F0xx_HAL_Driver/Src/stm32f0xx_hal_gpio.c ****       {
 210:Drivers/STM32F0xx_HAL_Driver/Src/stm32f0xx_hal_gpio.c ****         /* Check the Alternate function parameters */
 211:Drivers/STM32F0xx_HAL_Driver/Src/stm32f0xx_hal_gpio.c ****         assert_param(IS_GPIO_AF_INSTANCE(GPIOx));
 212:Drivers/STM32F0xx_HAL_Driver/Src/stm32f0xx_hal_gpio.c ****         assert_param(IS_GPIO_AF(GPIO_Init->Alternate));
 213:Drivers/STM32F0xx_HAL_Driver/Src/stm32f0xx_hal_gpio.c ****         
 214:Drivers/STM32F0xx_HAL_Driver/Src/stm32f0xx_hal_gpio.c ****         /* Configure Alternate function mapped with the current IO */ 
 215:Drivers/STM32F0xx_HAL_Driver/Src/stm32f0xx_hal_gpio.c ****         temp = GPIOx->AFR[position >> 3];
 216:Drivers/STM32F0xx_HAL_Driver/Src/stm32f0xx_hal_gpio.c ****         CLEAR_BIT(temp, 0xFU << ((uint32_t)(position & 0x07U) * 4U)) ;      
 217:Drivers/STM32F0xx_HAL_Driver/Src/stm32f0xx_hal_gpio.c ****         SET_BIT(temp, (uint32_t)(GPIO_Init->Alternate) << (((uint32_t)position & 0x07U) * 4U));    
 218:Drivers/STM32F0xx_HAL_Driver/Src/stm32f0xx_hal_gpio.c ****         GPIOx->AFR[position >> 3U] = temp;
 219:Drivers/STM32F0xx_HAL_Driver/Src/stm32f0xx_hal_gpio.c ****       }
 220:Drivers/STM32F0xx_HAL_Driver/Src/stm32f0xx_hal_gpio.c **** 
 221:Drivers/STM32F0xx_HAL_Driver/Src/stm32f0xx_hal_gpio.c ****       /* Configure IO Direction mode (Input, Output, Alternate or Analog) */
 222:Drivers/STM32F0xx_HAL_Driver/Src/stm32f0xx_hal_gpio.c ****       temp = GPIOx->MODER;
 223:Drivers/STM32F0xx_HAL_Driver/Src/stm32f0xx_hal_gpio.c ****       CLEAR_BIT(temp, GPIO_MODER_MODER0 << (position * 2U));   
 224:Drivers/STM32F0xx_HAL_Driver/Src/stm32f0xx_hal_gpio.c ****       SET_BIT(temp, (GPIO_Init->Mode & GPIO_MODE) << (position * 2U));
 225:Drivers/STM32F0xx_HAL_Driver/Src/stm32f0xx_hal_gpio.c ****       GPIOx->MODER = temp;
 226:Drivers/STM32F0xx_HAL_Driver/Src/stm32f0xx_hal_gpio.c **** 
 227:Drivers/STM32F0xx_HAL_Driver/Src/stm32f0xx_hal_gpio.c ****       /* In case of Output or Alternate function mode selection */
 228:Drivers/STM32F0xx_HAL_Driver/Src/stm32f0xx_hal_gpio.c ****       if ((GPIO_Init->Mode == GPIO_MODE_OUTPUT_PP) || (GPIO_Init->Mode == GPIO_MODE_AF_PP) ||
 229:Drivers/STM32F0xx_HAL_Driver/Src/stm32f0xx_hal_gpio.c ****           (GPIO_Init->Mode == GPIO_MODE_OUTPUT_OD) || (GPIO_Init->Mode == GPIO_MODE_AF_OD))
 230:Drivers/STM32F0xx_HAL_Driver/Src/stm32f0xx_hal_gpio.c ****       {
 231:Drivers/STM32F0xx_HAL_Driver/Src/stm32f0xx_hal_gpio.c ****         /* Check the Speed parameter */
ARM GAS  C:\Users\HOGEHO~1\AppData\Local\Temp\cc4bWw9e.s 			page 6


 232:Drivers/STM32F0xx_HAL_Driver/Src/stm32f0xx_hal_gpio.c ****         assert_param(IS_GPIO_SPEED(GPIO_Init->Speed));
 233:Drivers/STM32F0xx_HAL_Driver/Src/stm32f0xx_hal_gpio.c ****         /* Configure the IO Speed */
 234:Drivers/STM32F0xx_HAL_Driver/Src/stm32f0xx_hal_gpio.c ****         temp = GPIOx->OSPEEDR; 
  56              		.loc 1 234 0
  57 000c 8468     		ldr	r4, [r0, #8]
  58              	.LVL3:
 235:Drivers/STM32F0xx_HAL_Driver/Src/stm32f0xx_hal_gpio.c ****         CLEAR_BIT(temp, GPIO_OSPEEDER_OSPEEDR0 << (position * 2U));
  59              		.loc 1 235 0
  60 000e 6246     		mov	r2, ip
  61 0010 1440     		ands	r4, r2
  62              	.LVL4:
 236:Drivers/STM32F0xx_HAL_Driver/Src/stm32f0xx_hal_gpio.c ****         SET_BIT(temp, GPIO_Init->Speed << (position * 2U));
  63              		.loc 1 236 0
  64 0012 CE68     		ldr	r6, [r1, #12]
  65 0014 BE40     		lsls	r6, r6, r7
  66 0016 3443     		orrs	r4, r6
  67              	.LVL5:
 237:Drivers/STM32F0xx_HAL_Driver/Src/stm32f0xx_hal_gpio.c ****         GPIOx->OSPEEDR = temp;
  68              		.loc 1 237 0
  69 0018 8460     		str	r4, [r0, #8]
 238:Drivers/STM32F0xx_HAL_Driver/Src/stm32f0xx_hal_gpio.c **** 
 239:Drivers/STM32F0xx_HAL_Driver/Src/stm32f0xx_hal_gpio.c ****         /* Configure the IO Output Type */
 240:Drivers/STM32F0xx_HAL_Driver/Src/stm32f0xx_hal_gpio.c ****         temp = GPIOx->OTYPER;
  70              		.loc 1 240 0
  71 001a 4468     		ldr	r4, [r0, #4]
  72              	.LVL6:
 241:Drivers/STM32F0xx_HAL_Driver/Src/stm32f0xx_hal_gpio.c ****         CLEAR_BIT(temp, GPIO_OTYPER_OT_0 << position) ;
  73              		.loc 1 241 0
  74 001c 2200     		movs	r2, r4
  75 001e 4446     		mov	r4, r8
  76              	.LVL7:
  77 0020 A243     		bics	r2, r4
  78              	.LVL8:
 242:Drivers/STM32F0xx_HAL_Driver/Src/stm32f0xx_hal_gpio.c ****         SET_BIT(temp, ((GPIO_Init->Mode & GPIO_OUTPUT_TYPE) >> 4U) << position);
  79              		.loc 1 242 0
  80 0022 4C68     		ldr	r4, [r1, #4]
  81 0024 2609     		lsrs	r6, r4, #4
  82 0026 0124     		movs	r4, #1
  83 0028 3440     		ands	r4, r6
  84 002a 9C40     		lsls	r4, r4, r3
  85 002c 2243     		orrs	r2, r4
  86              	.LVL9:
 243:Drivers/STM32F0xx_HAL_Driver/Src/stm32f0xx_hal_gpio.c ****         GPIOx->OTYPER = temp;
  87              		.loc 1 243 0
  88 002e 4260     		str	r2, [r0, #4]
  89              	.LVL10:
  90              	.L7:
 244:Drivers/STM32F0xx_HAL_Driver/Src/stm32f0xx_hal_gpio.c ****       }
 245:Drivers/STM32F0xx_HAL_Driver/Src/stm32f0xx_hal_gpio.c **** 
 246:Drivers/STM32F0xx_HAL_Driver/Src/stm32f0xx_hal_gpio.c ****       /* Activate the Pull-up or Pull down resistor for the current IO */
 247:Drivers/STM32F0xx_HAL_Driver/Src/stm32f0xx_hal_gpio.c ****       temp = GPIOx->PUPDR;
  91              		.loc 1 247 0
  92 0030 C268     		ldr	r2, [r0, #12]
  93              	.LVL11:
 248:Drivers/STM32F0xx_HAL_Driver/Src/stm32f0xx_hal_gpio.c ****       CLEAR_BIT(temp, GPIO_PUPDR_PUPDR0 << (position * 2U));
  94              		.loc 1 248 0
  95 0032 6446     		mov	r4, ip
ARM GAS  C:\Users\HOGEHO~1\AppData\Local\Temp\cc4bWw9e.s 			page 7


  96 0034 2240     		ands	r2, r4
  97              	.LVL12:
 249:Drivers/STM32F0xx_HAL_Driver/Src/stm32f0xx_hal_gpio.c ****       SET_BIT(temp, (GPIO_Init->Pull) << (position * 2U));
  98              		.loc 1 249 0
  99 0036 8C68     		ldr	r4, [r1, #8]
 100 0038 BC40     		lsls	r4, r4, r7
 101 003a 2243     		orrs	r2, r4
 102              	.LVL13:
 250:Drivers/STM32F0xx_HAL_Driver/Src/stm32f0xx_hal_gpio.c ****       GPIOx->PUPDR = temp;
 103              		.loc 1 250 0
 104 003c C260     		str	r2, [r0, #12]
 105              	.LBB5:
 251:Drivers/STM32F0xx_HAL_Driver/Src/stm32f0xx_hal_gpio.c **** 
 252:Drivers/STM32F0xx_HAL_Driver/Src/stm32f0xx_hal_gpio.c ****       /*--------------------- EXTI Mode Configuration ------------------------*/
 253:Drivers/STM32F0xx_HAL_Driver/Src/stm32f0xx_hal_gpio.c ****       /* Configure the External Interrupt or event for the current IO */
 254:Drivers/STM32F0xx_HAL_Driver/Src/stm32f0xx_hal_gpio.c ****       if((GPIO_Init->Mode & EXTI_MODE) == EXTI_MODE) 
 106              		.loc 1 254 0
 107 003e 4A68     		ldr	r2, [r1, #4]
 108              	.LVL14:
 109 0040 D200     		lsls	r2, r2, #3
 110 0042 4ED5     		bpl	.L3
 111              	.LBB6:
 112              	.LBB7:
 255:Drivers/STM32F0xx_HAL_Driver/Src/stm32f0xx_hal_gpio.c ****       {
 256:Drivers/STM32F0xx_HAL_Driver/Src/stm32f0xx_hal_gpio.c ****         /* Enable SYSCFG Clock */
 257:Drivers/STM32F0xx_HAL_Driver/Src/stm32f0xx_hal_gpio.c ****         __HAL_RCC_SYSCFG_CLK_ENABLE();
 113              		.loc 1 257 0
 114 0044 474C     		ldr	r4, .L18
 115 0046 A669     		ldr	r6, [r4, #24]
 116 0048 0122     		movs	r2, #1
 117 004a 1643     		orrs	r6, r2
 118 004c A661     		str	r6, [r4, #24]
 119              	.LVL15:
 120 004e A469     		ldr	r4, [r4, #24]
 121 0050 2240     		ands	r2, r4
 122 0052 0192     		str	r2, [sp, #4]
 123 0054 019A     		ldr	r2, [sp, #4]
 124              	.LBE7:
 258:Drivers/STM32F0xx_HAL_Driver/Src/stm32f0xx_hal_gpio.c ****   
 259:Drivers/STM32F0xx_HAL_Driver/Src/stm32f0xx_hal_gpio.c ****         temp = SYSCFG->EXTICR[position >> 2];
 125              		.loc 1 259 0
 126 0056 9A08     		lsrs	r2, r3, #2
 127 0058 941C     		adds	r4, r2, #2
 128 005a A400     		lsls	r4, r4, #2
 129 005c 424E     		ldr	r6, .L18+4
 130 005e A659     		ldr	r6, [r4, r6]
 131              	.LVL16:
 260:Drivers/STM32F0xx_HAL_Driver/Src/stm32f0xx_hal_gpio.c ****         CLEAR_BIT(temp, (0x0FU) << (4U * (position & 0x03U)));
 132              		.loc 1 260 0
 133 0060 0324     		movs	r4, #3
 134 0062 1C40     		ands	r4, r3
 135 0064 A400     		lsls	r4, r4, #2
 136 0066 0F27     		movs	r7, #15
 137 0068 A740     		lsls	r7, r7, r4
 138 006a BE43     		bics	r6, r7
 139              	.LVL17:
 261:Drivers/STM32F0xx_HAL_Driver/Src/stm32f0xx_hal_gpio.c ****         SET_BIT(temp, (GPIO_GET_INDEX(GPIOx)) << (4U * (position & 0x03U)));
ARM GAS  C:\Users\HOGEHO~1\AppData\Local\Temp\cc4bWw9e.s 			page 8


 140              		.loc 1 261 0
 141 006c 9027     		movs	r7, #144
 142 006e FF05     		lsls	r7, r7, #23
 143 0070 B842     		cmp	r0, r7
 144 0072 6FD0     		beq	.L14
 145              		.loc 1 261 0 is_stmt 0 discriminator 1
 146 0074 3D4F     		ldr	r7, .L18+8
 147 0076 B842     		cmp	r0, r7
 148 0078 6ED0     		beq	.L15
 149              		.loc 1 261 0 discriminator 3
 150 007a 3D4F     		ldr	r7, .L18+12
 151 007c B842     		cmp	r0, r7
 152 007e 67D0     		beq	.L17
 153              		.loc 1 261 0
 154 0080 0527     		movs	r7, #5
 155              	.L8:
 156              		.loc 1 261 0 discriminator 12
 157 0082 A740     		lsls	r7, r7, r4
 158 0084 3C00     		movs	r4, r7
 159 0086 3443     		orrs	r4, r6
 160              	.LVL18:
 262:Drivers/STM32F0xx_HAL_Driver/Src/stm32f0xx_hal_gpio.c ****         SYSCFG->EXTICR[position >> 2] = temp;
 161              		.loc 1 262 0 is_stmt 1 discriminator 12
 162 0088 0232     		adds	r2, r2, #2
 163 008a 9200     		lsls	r2, r2, #2
 164 008c 364E     		ldr	r6, .L18+4
 165 008e 9451     		str	r4, [r2, r6]
 263:Drivers/STM32F0xx_HAL_Driver/Src/stm32f0xx_hal_gpio.c ****                   
 264:Drivers/STM32F0xx_HAL_Driver/Src/stm32f0xx_hal_gpio.c ****         /* Clear EXTI line configuration */
 265:Drivers/STM32F0xx_HAL_Driver/Src/stm32f0xx_hal_gpio.c ****         temp = EXTI->IMR;
 166              		.loc 1 265 0 discriminator 12
 167 0090 384A     		ldr	r2, .L18+16
 168 0092 1468     		ldr	r4, [r2]
 169              	.LVL19:
 266:Drivers/STM32F0xx_HAL_Driver/Src/stm32f0xx_hal_gpio.c ****         CLEAR_BIT(temp, (uint32_t)iocurrent);
 170              		.loc 1 266 0 discriminator 12
 171 0094 EA43     		mvns	r2, r5
 172 0096 1600     		movs	r6, r2
 173 0098 2640     		ands	r6, r4
 174              	.LVL20:
 267:Drivers/STM32F0xx_HAL_Driver/Src/stm32f0xx_hal_gpio.c ****         if((GPIO_Init->Mode & GPIO_MODE_IT) == GPIO_MODE_IT)
 175              		.loc 1 267 0 discriminator 12
 176 009a 4F68     		ldr	r7, [r1, #4]
 177 009c FF03     		lsls	r7, r7, #15
 178 009e 01D5     		bpl	.L9
 268:Drivers/STM32F0xx_HAL_Driver/Src/stm32f0xx_hal_gpio.c ****         {
 269:Drivers/STM32F0xx_HAL_Driver/Src/stm32f0xx_hal_gpio.c ****           SET_BIT(temp, iocurrent); 
 179              		.loc 1 269 0
 180 00a0 2C43     		orrs	r4, r5
 181 00a2 2600     		movs	r6, r4
 182              	.LVL21:
 183              	.L9:
 270:Drivers/STM32F0xx_HAL_Driver/Src/stm32f0xx_hal_gpio.c ****         }
 271:Drivers/STM32F0xx_HAL_Driver/Src/stm32f0xx_hal_gpio.c ****         EXTI->IMR = temp;
 184              		.loc 1 271 0
 185 00a4 334C     		ldr	r4, .L18+16
 186 00a6 2660     		str	r6, [r4]
ARM GAS  C:\Users\HOGEHO~1\AppData\Local\Temp\cc4bWw9e.s 			page 9


 272:Drivers/STM32F0xx_HAL_Driver/Src/stm32f0xx_hal_gpio.c **** 
 273:Drivers/STM32F0xx_HAL_Driver/Src/stm32f0xx_hal_gpio.c ****         temp = EXTI->EMR;
 187              		.loc 1 273 0
 188 00a8 6468     		ldr	r4, [r4, #4]
 189              	.LVL22:
 274:Drivers/STM32F0xx_HAL_Driver/Src/stm32f0xx_hal_gpio.c ****         CLEAR_BIT(temp, (uint32_t)iocurrent);      
 190              		.loc 1 274 0
 191 00aa 2600     		movs	r6, r4
 192 00ac 1640     		ands	r6, r2
 193              	.LVL23:
 275:Drivers/STM32F0xx_HAL_Driver/Src/stm32f0xx_hal_gpio.c ****         if((GPIO_Init->Mode & GPIO_MODE_EVT) == GPIO_MODE_EVT)
 194              		.loc 1 275 0
 195 00ae 4F68     		ldr	r7, [r1, #4]
 196 00b0 BF03     		lsls	r7, r7, #14
 197 00b2 01D5     		bpl	.L10
 276:Drivers/STM32F0xx_HAL_Driver/Src/stm32f0xx_hal_gpio.c ****         { 
 277:Drivers/STM32F0xx_HAL_Driver/Src/stm32f0xx_hal_gpio.c ****           SET_BIT(temp, iocurrent); 
 198              		.loc 1 277 0
 199 00b4 2C43     		orrs	r4, r5
 200 00b6 2600     		movs	r6, r4
 201              	.LVL24:
 202              	.L10:
 278:Drivers/STM32F0xx_HAL_Driver/Src/stm32f0xx_hal_gpio.c ****         }
 279:Drivers/STM32F0xx_HAL_Driver/Src/stm32f0xx_hal_gpio.c ****         EXTI->EMR = temp;
 203              		.loc 1 279 0
 204 00b8 2E4C     		ldr	r4, .L18+16
 205 00ba 6660     		str	r6, [r4, #4]
 280:Drivers/STM32F0xx_HAL_Driver/Src/stm32f0xx_hal_gpio.c ****   
 281:Drivers/STM32F0xx_HAL_Driver/Src/stm32f0xx_hal_gpio.c ****         /* Clear Rising Falling edge configuration */
 282:Drivers/STM32F0xx_HAL_Driver/Src/stm32f0xx_hal_gpio.c ****         temp = EXTI->RTSR;
 206              		.loc 1 282 0
 207 00bc A468     		ldr	r4, [r4, #8]
 208              	.LVL25:
 283:Drivers/STM32F0xx_HAL_Driver/Src/stm32f0xx_hal_gpio.c ****         CLEAR_BIT(temp, (uint32_t)iocurrent); 
 209              		.loc 1 283 0
 210 00be 2600     		movs	r6, r4
 211 00c0 1640     		ands	r6, r2
 212              	.LVL26:
 284:Drivers/STM32F0xx_HAL_Driver/Src/stm32f0xx_hal_gpio.c ****         if((GPIO_Init->Mode & RISING_EDGE) == RISING_EDGE)
 213              		.loc 1 284 0
 214 00c2 4F68     		ldr	r7, [r1, #4]
 215 00c4 FF02     		lsls	r7, r7, #11
 216 00c6 01D5     		bpl	.L11
 285:Drivers/STM32F0xx_HAL_Driver/Src/stm32f0xx_hal_gpio.c ****         {
 286:Drivers/STM32F0xx_HAL_Driver/Src/stm32f0xx_hal_gpio.c ****           SET_BIT(temp, iocurrent); 
 217              		.loc 1 286 0
 218 00c8 2C43     		orrs	r4, r5
 219 00ca 2600     		movs	r6, r4
 220              	.LVL27:
 221              	.L11:
 287:Drivers/STM32F0xx_HAL_Driver/Src/stm32f0xx_hal_gpio.c ****         }
 288:Drivers/STM32F0xx_HAL_Driver/Src/stm32f0xx_hal_gpio.c ****         EXTI->RTSR = temp;
 222              		.loc 1 288 0
 223 00cc 294C     		ldr	r4, .L18+16
 224 00ce A660     		str	r6, [r4, #8]
 289:Drivers/STM32F0xx_HAL_Driver/Src/stm32f0xx_hal_gpio.c **** 
 290:Drivers/STM32F0xx_HAL_Driver/Src/stm32f0xx_hal_gpio.c ****         temp = EXTI->FTSR;
ARM GAS  C:\Users\HOGEHO~1\AppData\Local\Temp\cc4bWw9e.s 			page 10


 225              		.loc 1 290 0
 226 00d0 E468     		ldr	r4, [r4, #12]
 227              	.LVL28:
 291:Drivers/STM32F0xx_HAL_Driver/Src/stm32f0xx_hal_gpio.c ****         CLEAR_BIT(temp, (uint32_t)iocurrent); 
 228              		.loc 1 291 0
 229 00d2 2240     		ands	r2, r4
 230              	.LVL29:
 292:Drivers/STM32F0xx_HAL_Driver/Src/stm32f0xx_hal_gpio.c ****         if((GPIO_Init->Mode & FALLING_EDGE) == FALLING_EDGE)
 231              		.loc 1 292 0
 232 00d4 4E68     		ldr	r6, [r1, #4]
 233 00d6 B602     		lsls	r6, r6, #10
 234 00d8 01D5     		bpl	.L12
 293:Drivers/STM32F0xx_HAL_Driver/Src/stm32f0xx_hal_gpio.c ****         {
 294:Drivers/STM32F0xx_HAL_Driver/Src/stm32f0xx_hal_gpio.c ****           SET_BIT(temp, iocurrent); 
 235              		.loc 1 294 0
 236 00da 2A00     		movs	r2, r5
 237              	.LVL30:
 238 00dc 2243     		orrs	r2, r4
 239              	.LVL31:
 240              	.L12:
 295:Drivers/STM32F0xx_HAL_Driver/Src/stm32f0xx_hal_gpio.c ****         }
 296:Drivers/STM32F0xx_HAL_Driver/Src/stm32f0xx_hal_gpio.c ****         EXTI->FTSR = temp;
 241              		.loc 1 296 0
 242 00de 254C     		ldr	r4, .L18+16
 243 00e0 E260     		str	r2, [r4, #12]
 244              	.LVL32:
 245              	.L3:
 246              	.LBE6:
 247              	.LBE5:
 248              	.LBE4:
 249              	.LBE3:
 297:Drivers/STM32F0xx_HAL_Driver/Src/stm32f0xx_hal_gpio.c ****       }
 298:Drivers/STM32F0xx_HAL_Driver/Src/stm32f0xx_hal_gpio.c ****     }
 299:Drivers/STM32F0xx_HAL_Driver/Src/stm32f0xx_hal_gpio.c ****     
 300:Drivers/STM32F0xx_HAL_Driver/Src/stm32f0xx_hal_gpio.c ****     position++;
 250              		.loc 1 300 0
 251 00e2 0133     		adds	r3, r3, #1
 252              	.LVL33:
 253              	.L13:
 254              	.LBE2:
 199:Drivers/STM32F0xx_HAL_Driver/Src/stm32f0xx_hal_gpio.c ****   {
 255              		.loc 1 199 0
 256 00e4 0D68     		ldr	r5, [r1]
 257 00e6 2A00     		movs	r2, r5
 258 00e8 DA40     		lsrs	r2, r2, r3
 259 00ea 37D0     		beq	.L1
 260              	.LBB12:
 202:Drivers/STM32F0xx_HAL_Driver/Src/stm32f0xx_hal_gpio.c ****     
 261              		.loc 1 202 0
 262 00ec 0122     		movs	r2, #1
 263 00ee 9A40     		lsls	r2, r2, r3
 264 00f0 9046     		mov	r8, r2
 265 00f2 1540     		ands	r5, r2
 266              	.LVL34:
 267              	.LBB11:
 204:Drivers/STM32F0xx_HAL_Driver/Src/stm32f0xx_hal_gpio.c ****     {
 268              		.loc 1 204 0
ARM GAS  C:\Users\HOGEHO~1\AppData\Local\Temp\cc4bWw9e.s 			page 11


 269 00f4 F5D0     		beq	.L3
 270              	.LBB10:
 208:Drivers/STM32F0xx_HAL_Driver/Src/stm32f0xx_hal_gpio.c ****       {
 271              		.loc 1 208 0
 272 00f6 4C68     		ldr	r4, [r1, #4]
 273 00f8 022C     		cmp	r4, #2
 274 00fa 01D0     		beq	.L4
 208:Drivers/STM32F0xx_HAL_Driver/Src/stm32f0xx_hal_gpio.c ****       {
 275              		.loc 1 208 0 is_stmt 0 discriminator 1
 276 00fc 122C     		cmp	r4, #18
 277 00fe 0ED1     		bne	.L5
 278              	.L4:
 215:Drivers/STM32F0xx_HAL_Driver/Src/stm32f0xx_hal_gpio.c ****         CLEAR_BIT(temp, 0xFU << ((uint32_t)(position & 0x07U) * 4U)) ;      
 279              		.loc 1 215 0 is_stmt 1
 280 0100 DC08     		lsrs	r4, r3, #3
 281 0102 0834     		adds	r4, r4, #8
 282 0104 A400     		lsls	r4, r4, #2
 283 0106 2758     		ldr	r7, [r4, r0]
 284              	.LVL35:
 216:Drivers/STM32F0xx_HAL_Driver/Src/stm32f0xx_hal_gpio.c ****         SET_BIT(temp, (uint32_t)(GPIO_Init->Alternate) << (((uint32_t)position & 0x07U) * 4U));    
 285              		.loc 1 216 0
 286 0108 0726     		movs	r6, #7
 287 010a 1E40     		ands	r6, r3
 288 010c B600     		lsls	r6, r6, #2
 289 010e 0F22     		movs	r2, #15
 290 0110 B240     		lsls	r2, r2, r6
 291 0112 9743     		bics	r7, r2
 292              	.LVL36:
 217:Drivers/STM32F0xx_HAL_Driver/Src/stm32f0xx_hal_gpio.c ****         GPIOx->AFR[position >> 3U] = temp;
 293              		.loc 1 217 0
 294 0114 0A69     		ldr	r2, [r1, #16]
 295 0116 B240     		lsls	r2, r2, r6
 296 0118 1600     		movs	r6, r2
 297 011a 3E43     		orrs	r6, r7
 298              	.LVL37:
 218:Drivers/STM32F0xx_HAL_Driver/Src/stm32f0xx_hal_gpio.c ****       }
 299              		.loc 1 218 0
 300 011c 2650     		str	r6, [r4, r0]
 301              	.LVL38:
 302              	.L5:
 222:Drivers/STM32F0xx_HAL_Driver/Src/stm32f0xx_hal_gpio.c ****       CLEAR_BIT(temp, GPIO_MODER_MODER0 << (position * 2U));   
 303              		.loc 1 222 0
 304 011e 0668     		ldr	r6, [r0]
 305              	.LVL39:
 223:Drivers/STM32F0xx_HAL_Driver/Src/stm32f0xx_hal_gpio.c ****       SET_BIT(temp, (GPIO_Init->Mode & GPIO_MODE) << (position * 2U));
 306              		.loc 1 223 0
 307 0120 5F00     		lsls	r7, r3, #1
 308 0122 0324     		movs	r4, #3
 309 0124 2200     		movs	r2, r4
 310 0126 BA40     		lsls	r2, r2, r7
 311 0128 D243     		mvns	r2, r2
 312 012a 9446     		mov	ip, r2
 313 012c 1640     		ands	r6, r2
 314              	.LVL40:
 224:Drivers/STM32F0xx_HAL_Driver/Src/stm32f0xx_hal_gpio.c ****       GPIOx->MODER = temp;
 315              		.loc 1 224 0
 316 012e 4A68     		ldr	r2, [r1, #4]
ARM GAS  C:\Users\HOGEHO~1\AppData\Local\Temp\cc4bWw9e.s 			page 12


 317 0130 1440     		ands	r4, r2
 318 0132 BC40     		lsls	r4, r4, r7
 319 0134 3443     		orrs	r4, r6
 320              	.LVL41:
 225:Drivers/STM32F0xx_HAL_Driver/Src/stm32f0xx_hal_gpio.c **** 
 321              		.loc 1 225 0
 322 0136 0460     		str	r4, [r0]
 228:Drivers/STM32F0xx_HAL_Driver/Src/stm32f0xx_hal_gpio.c ****           (GPIO_Init->Mode == GPIO_MODE_OUTPUT_OD) || (GPIO_Init->Mode == GPIO_MODE_AF_OD))
 323              		.loc 1 228 0
 324 0138 4C68     		ldr	r4, [r1, #4]
 325              	.LVL42:
 326 013a 661E     		subs	r6, r4, #1
 327 013c 012E     		cmp	r6, #1
 328 013e 00D8     		bhi	.LCB331
 329 0140 64E7     		b	.L6	@long jump
 330              	.LCB331:
 228:Drivers/STM32F0xx_HAL_Driver/Src/stm32f0xx_hal_gpio.c ****           (GPIO_Init->Mode == GPIO_MODE_OUTPUT_OD) || (GPIO_Init->Mode == GPIO_MODE_AF_OD))
 331              		.loc 1 228 0 is_stmt 0 discriminator 1
 332 0142 112C     		cmp	r4, #17
 333 0144 00D1     		bne	.LCB333
 334 0146 61E7     		b	.L6	@long jump
 335              	.LCB333:
 229:Drivers/STM32F0xx_HAL_Driver/Src/stm32f0xx_hal_gpio.c ****       {
 336              		.loc 1 229 0 is_stmt 1
 337 0148 122C     		cmp	r4, #18
 338 014a 00D0     		beq	.LCB335
 339 014c 70E7     		b	.L7	@long jump
 340              	.LCB335:
 341 014e 5DE7     		b	.L6
 342              	.LVL43:
 343              	.L17:
 344              	.LBB9:
 345              	.LBB8:
 261:Drivers/STM32F0xx_HAL_Driver/Src/stm32f0xx_hal_gpio.c ****         SYSCFG->EXTICR[position >> 2] = temp;
 346              		.loc 1 261 0
 347 0150 0227     		movs	r7, #2
 348 0152 96E7     		b	.L8
 349              	.L14:
 350 0154 0027     		movs	r7, #0
 351 0156 94E7     		b	.L8
 352              	.L15:
 353 0158 0127     		movs	r7, #1
 354 015a 92E7     		b	.L8
 355              	.LVL44:
 356              	.L1:
 357              	.LBE8:
 358              	.LBE9:
 359              	.LBE10:
 360              	.LBE11:
 361              	.LBE12:
 301:Drivers/STM32F0xx_HAL_Driver/Src/stm32f0xx_hal_gpio.c ****   } 
 302:Drivers/STM32F0xx_HAL_Driver/Src/stm32f0xx_hal_gpio.c **** }
 362              		.loc 1 302 0
 363 015c 02B0     		add	sp, sp, #8
 364              		@ sp needed
 365 015e 04BC     		pop	{r2}
 366 0160 9046     		mov	r8, r2
ARM GAS  C:\Users\HOGEHO~1\AppData\Local\Temp\cc4bWw9e.s 			page 13


 367 0162 F0BD     		pop	{r4, r5, r6, r7, pc}
 368              	.L19:
 369              		.align	2
 370              	.L18:
 371 0164 00100240 		.word	1073876992
 372 0168 00000140 		.word	1073807360
 373 016c 00040048 		.word	1207960576
 374 0170 00080048 		.word	1207961600
 375 0174 00040140 		.word	1073808384
 376              		.cfi_endproc
 377              	.LFE35:
 379              		.section	.text.HAL_GPIO_DeInit,"ax",%progbits
 380              		.align	1
 381              		.global	HAL_GPIO_DeInit
 382              		.syntax unified
 383              		.code	16
 384              		.thumb_func
 385              		.fpu softvfp
 387              	HAL_GPIO_DeInit:
 388              	.LFB36:
 303:Drivers/STM32F0xx_HAL_Driver/Src/stm32f0xx_hal_gpio.c **** 
 304:Drivers/STM32F0xx_HAL_Driver/Src/stm32f0xx_hal_gpio.c **** /**
 305:Drivers/STM32F0xx_HAL_Driver/Src/stm32f0xx_hal_gpio.c ****   * @brief  De-initialize the GPIOx peripheral registers to their default reset values.
 306:Drivers/STM32F0xx_HAL_Driver/Src/stm32f0xx_hal_gpio.c ****   * @param  GPIOx where x can be (A..F) to select the GPIO peripheral for STM32F0 family
 307:Drivers/STM32F0xx_HAL_Driver/Src/stm32f0xx_hal_gpio.c ****   * @param  GPIO_Pin specifies the port bit to be written.
 308:Drivers/STM32F0xx_HAL_Driver/Src/stm32f0xx_hal_gpio.c ****   *         This parameter can be one of GPIO_PIN_x where x can be (0..15).
 309:Drivers/STM32F0xx_HAL_Driver/Src/stm32f0xx_hal_gpio.c ****   * @retval None
 310:Drivers/STM32F0xx_HAL_Driver/Src/stm32f0xx_hal_gpio.c ****   */
 311:Drivers/STM32F0xx_HAL_Driver/Src/stm32f0xx_hal_gpio.c **** void HAL_GPIO_DeInit(GPIO_TypeDef  *GPIOx, uint32_t GPIO_Pin)
 312:Drivers/STM32F0xx_HAL_Driver/Src/stm32f0xx_hal_gpio.c **** {
 389              		.loc 1 312 0
 390              		.cfi_startproc
 391              		@ args = 0, pretend = 0, frame = 0
 392              		@ frame_needed = 0, uses_anonymous_args = 0
 393              	.LVL45:
 394 0000 F0B5     		push	{r4, r5, r6, r7, lr}
 395              	.LCFI3:
 396              		.cfi_def_cfa_offset 20
 397              		.cfi_offset 4, -20
 398              		.cfi_offset 5, -16
 399              		.cfi_offset 6, -12
 400              		.cfi_offset 7, -8
 401              		.cfi_offset 14, -4
 402 0002 D646     		mov	lr, r10
 403 0004 4F46     		mov	r7, r9
 404 0006 4646     		mov	r6, r8
 405 0008 C0B5     		push	{r6, r7, lr}
 406              	.LCFI4:
 407              		.cfi_def_cfa_offset 32
 408              		.cfi_offset 8, -32
 409              		.cfi_offset 9, -28
 410              		.cfi_offset 10, -24
 411              	.LVL46:
 313:Drivers/STM32F0xx_HAL_Driver/Src/stm32f0xx_hal_gpio.c ****   uint32_t position = 0x00U;
 412              		.loc 1 313 0
 413 000a 0023     		movs	r3, #0
 414 000c 06E0     		b	.L24
ARM GAS  C:\Users\HOGEHO~1\AppData\Local\Temp\cc4bWw9e.s 			page 14


 415              	.LVL47:
 416              	.L29:
 314:Drivers/STM32F0xx_HAL_Driver/Src/stm32f0xx_hal_gpio.c ****   uint32_t iocurrent = 0x00U;
 315:Drivers/STM32F0xx_HAL_Driver/Src/stm32f0xx_hal_gpio.c ****   uint32_t tmp = 0x00U;
 316:Drivers/STM32F0xx_HAL_Driver/Src/stm32f0xx_hal_gpio.c **** 
 317:Drivers/STM32F0xx_HAL_Driver/Src/stm32f0xx_hal_gpio.c ****   /* Check the parameters */
 318:Drivers/STM32F0xx_HAL_Driver/Src/stm32f0xx_hal_gpio.c ****   assert_param(IS_GPIO_ALL_INSTANCE(GPIOx));
 319:Drivers/STM32F0xx_HAL_Driver/Src/stm32f0xx_hal_gpio.c ****   assert_param(IS_GPIO_PIN(GPIO_Pin));
 320:Drivers/STM32F0xx_HAL_Driver/Src/stm32f0xx_hal_gpio.c **** 
 321:Drivers/STM32F0xx_HAL_Driver/Src/stm32f0xx_hal_gpio.c ****   /* Configure the port pins */
 322:Drivers/STM32F0xx_HAL_Driver/Src/stm32f0xx_hal_gpio.c ****   while ((GPIO_Pin >> position) != RESET)
 323:Drivers/STM32F0xx_HAL_Driver/Src/stm32f0xx_hal_gpio.c ****   {
 324:Drivers/STM32F0xx_HAL_Driver/Src/stm32f0xx_hal_gpio.c ****     /* Get current io position */
 325:Drivers/STM32F0xx_HAL_Driver/Src/stm32f0xx_hal_gpio.c ****     iocurrent = GPIO_Pin & (1U << position);
 326:Drivers/STM32F0xx_HAL_Driver/Src/stm32f0xx_hal_gpio.c **** 
 327:Drivers/STM32F0xx_HAL_Driver/Src/stm32f0xx_hal_gpio.c ****     if (iocurrent)
 328:Drivers/STM32F0xx_HAL_Driver/Src/stm32f0xx_hal_gpio.c ****     {
 329:Drivers/STM32F0xx_HAL_Driver/Src/stm32f0xx_hal_gpio.c ****       /*------------------------- GPIO Mode Configuration --------------------*/
 330:Drivers/STM32F0xx_HAL_Driver/Src/stm32f0xx_hal_gpio.c ****       /* Configure IO Direction in Input Floting Mode */
 331:Drivers/STM32F0xx_HAL_Driver/Src/stm32f0xx_hal_gpio.c ****       CLEAR_BIT(GPIOx->MODER, GPIO_MODER_MODER0 << (position * 2U)); 
 332:Drivers/STM32F0xx_HAL_Driver/Src/stm32f0xx_hal_gpio.c ****   
 333:Drivers/STM32F0xx_HAL_Driver/Src/stm32f0xx_hal_gpio.c ****       /* Configure the default Alternate Function in current IO */ 
 334:Drivers/STM32F0xx_HAL_Driver/Src/stm32f0xx_hal_gpio.c ****       CLEAR_BIT(GPIOx->AFR[position >> 3U], 0xFU << ((uint32_t)(position & 0x07U) * 4U)) ;
 335:Drivers/STM32F0xx_HAL_Driver/Src/stm32f0xx_hal_gpio.c ****   
 336:Drivers/STM32F0xx_HAL_Driver/Src/stm32f0xx_hal_gpio.c ****       /* Configure the default value for IO Speed */
 337:Drivers/STM32F0xx_HAL_Driver/Src/stm32f0xx_hal_gpio.c ****       CLEAR_BIT(GPIOx->OSPEEDR, GPIO_OSPEEDER_OSPEEDR0 << (position * 2U));
 338:Drivers/STM32F0xx_HAL_Driver/Src/stm32f0xx_hal_gpio.c ****                   
 339:Drivers/STM32F0xx_HAL_Driver/Src/stm32f0xx_hal_gpio.c ****       /* Configure the default value IO Output Type */
 340:Drivers/STM32F0xx_HAL_Driver/Src/stm32f0xx_hal_gpio.c ****       CLEAR_BIT(GPIOx->OTYPER, GPIO_OTYPER_OT_0 << position) ;
 341:Drivers/STM32F0xx_HAL_Driver/Src/stm32f0xx_hal_gpio.c ****   
 342:Drivers/STM32F0xx_HAL_Driver/Src/stm32f0xx_hal_gpio.c ****       /* Deactivate the Pull-up oand Pull-down resistor for the current IO */
 343:Drivers/STM32F0xx_HAL_Driver/Src/stm32f0xx_hal_gpio.c ****       CLEAR_BIT(GPIOx->PUPDR, GPIO_PUPDR_PUPDR0 << (position * 2U));
 344:Drivers/STM32F0xx_HAL_Driver/Src/stm32f0xx_hal_gpio.c **** 
 345:Drivers/STM32F0xx_HAL_Driver/Src/stm32f0xx_hal_gpio.c ****       /*------------------------- EXTI Mode Configuration --------------------*/
 346:Drivers/STM32F0xx_HAL_Driver/Src/stm32f0xx_hal_gpio.c ****       /* Clear the External Interrupt or Event for the current IO */
 347:Drivers/STM32F0xx_HAL_Driver/Src/stm32f0xx_hal_gpio.c ****       
 348:Drivers/STM32F0xx_HAL_Driver/Src/stm32f0xx_hal_gpio.c ****       tmp = SYSCFG->EXTICR[position >> 2U];
 349:Drivers/STM32F0xx_HAL_Driver/Src/stm32f0xx_hal_gpio.c ****       tmp &= ((0x0FU) << (4U * (position & 0x03U)));
 350:Drivers/STM32F0xx_HAL_Driver/Src/stm32f0xx_hal_gpio.c ****       if(tmp == (GPIO_GET_INDEX(GPIOx) << (4U * (position & 0x03U))))
 417              		.loc 1 350 0
 418 000e 0226     		movs	r6, #2
 419 0010 00E0     		b	.L23
 420              	.L25:
 421 0012 0026     		movs	r6, #0
 422              	.L23:
 423              		.loc 1 350 0 is_stmt 0 discriminator 12
 424 0014 9640     		lsls	r6, r6, r2
 425 0016 B442     		cmp	r4, r6
 426 0018 45D0     		beq	.L28
 427              	.LVL48:
 428              	.L22:
 351:Drivers/STM32F0xx_HAL_Driver/Src/stm32f0xx_hal_gpio.c ****       {
 352:Drivers/STM32F0xx_HAL_Driver/Src/stm32f0xx_hal_gpio.c ****         tmp = (0x0FU) << (4U * (position & 0x03U));
 353:Drivers/STM32F0xx_HAL_Driver/Src/stm32f0xx_hal_gpio.c ****         CLEAR_BIT(SYSCFG->EXTICR[position >> 2U], tmp);
 354:Drivers/STM32F0xx_HAL_Driver/Src/stm32f0xx_hal_gpio.c ****         
 355:Drivers/STM32F0xx_HAL_Driver/Src/stm32f0xx_hal_gpio.c ****         /* Clear EXTI line configuration */
 356:Drivers/STM32F0xx_HAL_Driver/Src/stm32f0xx_hal_gpio.c ****         CLEAR_BIT(EXTI->IMR, (uint32_t)iocurrent);
ARM GAS  C:\Users\HOGEHO~1\AppData\Local\Temp\cc4bWw9e.s 			page 15


 357:Drivers/STM32F0xx_HAL_Driver/Src/stm32f0xx_hal_gpio.c ****         CLEAR_BIT(EXTI->EMR, (uint32_t)iocurrent);
 358:Drivers/STM32F0xx_HAL_Driver/Src/stm32f0xx_hal_gpio.c ****         
 359:Drivers/STM32F0xx_HAL_Driver/Src/stm32f0xx_hal_gpio.c ****         /* Clear Rising Falling edge configuration */
 360:Drivers/STM32F0xx_HAL_Driver/Src/stm32f0xx_hal_gpio.c ****         CLEAR_BIT(EXTI->RTSR, (uint32_t)iocurrent);
 361:Drivers/STM32F0xx_HAL_Driver/Src/stm32f0xx_hal_gpio.c ****         CLEAR_BIT(EXTI->FTSR, (uint32_t)iocurrent);
 362:Drivers/STM32F0xx_HAL_Driver/Src/stm32f0xx_hal_gpio.c ****       }
 363:Drivers/STM32F0xx_HAL_Driver/Src/stm32f0xx_hal_gpio.c ****     }
 364:Drivers/STM32F0xx_HAL_Driver/Src/stm32f0xx_hal_gpio.c ****     
 365:Drivers/STM32F0xx_HAL_Driver/Src/stm32f0xx_hal_gpio.c ****     position++;
 429              		.loc 1 365 0 is_stmt 1
 430 001a 0133     		adds	r3, r3, #1
 431              	.LVL49:
 432              	.L24:
 322:Drivers/STM32F0xx_HAL_Driver/Src/stm32f0xx_hal_gpio.c ****   {
 433              		.loc 1 322 0
 434 001c 0A00     		movs	r2, r1
 435 001e DA40     		lsrs	r2, r2, r3
 436 0020 58D0     		beq	.L20
 325:Drivers/STM32F0xx_HAL_Driver/Src/stm32f0xx_hal_gpio.c **** 
 437              		.loc 1 325 0
 438 0022 0122     		movs	r2, #1
 439 0024 9A40     		lsls	r2, r2, r3
 440 0026 0F00     		movs	r7, r1
 441 0028 1740     		ands	r7, r2
 442 002a BA46     		mov	r10, r7
 443              	.LVL50:
 327:Drivers/STM32F0xx_HAL_Driver/Src/stm32f0xx_hal_gpio.c ****     {
 444              		.loc 1 327 0
 445 002c F5D0     		beq	.L22
 331:Drivers/STM32F0xx_HAL_Driver/Src/stm32f0xx_hal_gpio.c ****   
 446              		.loc 1 331 0
 447 002e 0568     		ldr	r5, [r0]
 448 0030 5E00     		lsls	r6, r3, #1
 449 0032 0324     		movs	r4, #3
 450 0034 2700     		movs	r7, r4
 451              	.LVL51:
 452 0036 B740     		lsls	r7, r7, r6
 453 0038 FE43     		mvns	r6, r7
 454 003a B446     		mov	ip, r6
 455 003c 3540     		ands	r5, r6
 456 003e 0560     		str	r5, [r0]
 334:Drivers/STM32F0xx_HAL_Driver/Src/stm32f0xx_hal_gpio.c ****   
 457              		.loc 1 334 0
 458 0040 DE08     		lsrs	r6, r3, #3
 459 0042 0836     		adds	r6, r6, #8
 460 0044 B600     		lsls	r6, r6, #2
 461 0046 3558     		ldr	r5, [r6, r0]
 462 0048 A946     		mov	r9, r5
 463 004a 0725     		movs	r5, #7
 464 004c 1D40     		ands	r5, r3
 465 004e AD00     		lsls	r5, r5, #2
 466 0050 0F27     		movs	r7, #15
 467 0052 B846     		mov	r8, r7
 468 0054 AF40     		lsls	r7, r7, r5
 469 0056 3D00     		movs	r5, r7
 470 0058 4F46     		mov	r7, r9
 471 005a AF43     		bics	r7, r5
ARM GAS  C:\Users\HOGEHO~1\AppData\Local\Temp\cc4bWw9e.s 			page 16


 472 005c 3750     		str	r7, [r6, r0]
 337:Drivers/STM32F0xx_HAL_Driver/Src/stm32f0xx_hal_gpio.c ****                   
 473              		.loc 1 337 0
 474 005e 8568     		ldr	r5, [r0, #8]
 475 0060 6646     		mov	r6, ip
 476 0062 3540     		ands	r5, r6
 477 0064 8560     		str	r5, [r0, #8]
 340:Drivers/STM32F0xx_HAL_Driver/Src/stm32f0xx_hal_gpio.c ****   
 478              		.loc 1 340 0
 479 0066 4568     		ldr	r5, [r0, #4]
 480 0068 9543     		bics	r5, r2
 481 006a 4560     		str	r5, [r0, #4]
 343:Drivers/STM32F0xx_HAL_Driver/Src/stm32f0xx_hal_gpio.c **** 
 482              		.loc 1 343 0
 483 006c C268     		ldr	r2, [r0, #12]
 484 006e 3240     		ands	r2, r6
 485 0070 C260     		str	r2, [r0, #12]
 348:Drivers/STM32F0xx_HAL_Driver/Src/stm32f0xx_hal_gpio.c ****       tmp &= ((0x0FU) << (4U * (position & 0x03U)));
 486              		.loc 1 348 0
 487 0072 9D08     		lsrs	r5, r3, #2
 488 0074 AA1C     		adds	r2, r5, #2
 489 0076 9200     		lsls	r2, r2, #2
 490 0078 194E     		ldr	r6, .L30
 491 007a 9659     		ldr	r6, [r2, r6]
 492              	.LVL52:
 349:Drivers/STM32F0xx_HAL_Driver/Src/stm32f0xx_hal_gpio.c ****       if(tmp == (GPIO_GET_INDEX(GPIOx) << (4U * (position & 0x03U))))
 493              		.loc 1 349 0
 494 007c 2200     		movs	r2, r4
 495 007e 1A40     		ands	r2, r3
 496 0080 9200     		lsls	r2, r2, #2
 497 0082 4446     		mov	r4, r8
 498 0084 9440     		lsls	r4, r4, r2
 499 0086 A046     		mov	r8, r4
 500 0088 3440     		ands	r4, r6
 501              	.LVL53:
 350:Drivers/STM32F0xx_HAL_Driver/Src/stm32f0xx_hal_gpio.c ****       {
 502              		.loc 1 350 0
 503 008a 9026     		movs	r6, #144
 504 008c F605     		lsls	r6, r6, #23
 505 008e B042     		cmp	r0, r6
 506 0090 BFD0     		beq	.L25
 350:Drivers/STM32F0xx_HAL_Driver/Src/stm32f0xx_hal_gpio.c ****       {
 507              		.loc 1 350 0 is_stmt 0 discriminator 1
 508 0092 144E     		ldr	r6, .L30+4
 509 0094 B042     		cmp	r0, r6
 510 0096 04D0     		beq	.L26
 350:Drivers/STM32F0xx_HAL_Driver/Src/stm32f0xx_hal_gpio.c ****       {
 511              		.loc 1 350 0 discriminator 3
 512 0098 134E     		ldr	r6, .L30+8
 513 009a B042     		cmp	r0, r6
 514 009c B7D0     		beq	.L29
 350:Drivers/STM32F0xx_HAL_Driver/Src/stm32f0xx_hal_gpio.c ****       {
 515              		.loc 1 350 0
 516 009e 0526     		movs	r6, #5
 517 00a0 B8E7     		b	.L23
 518              	.L26:
 519 00a2 0126     		movs	r6, #1
ARM GAS  C:\Users\HOGEHO~1\AppData\Local\Temp\cc4bWw9e.s 			page 17


 520 00a4 B6E7     		b	.L23
 521              	.L28:
 522              	.LVL54:
 353:Drivers/STM32F0xx_HAL_Driver/Src/stm32f0xx_hal_gpio.c ****         
 523              		.loc 1 353 0 is_stmt 1
 524 00a6 0E4C     		ldr	r4, .L30
 525 00a8 0235     		adds	r5, r5, #2
 526 00aa AD00     		lsls	r5, r5, #2
 527 00ac 2A59     		ldr	r2, [r5, r4]
 528 00ae 4646     		mov	r6, r8
 529 00b0 B243     		bics	r2, r6
 530 00b2 2A51     		str	r2, [r5, r4]
 356:Drivers/STM32F0xx_HAL_Driver/Src/stm32f0xx_hal_gpio.c ****         CLEAR_BIT(EXTI->EMR, (uint32_t)iocurrent);
 531              		.loc 1 356 0
 532 00b4 0D4C     		ldr	r4, .L30+12
 533 00b6 2568     		ldr	r5, [r4]
 534 00b8 5246     		mov	r2, r10
 535 00ba D243     		mvns	r2, r2
 536 00bc 1540     		ands	r5, r2
 537 00be 2560     		str	r5, [r4]
 357:Drivers/STM32F0xx_HAL_Driver/Src/stm32f0xx_hal_gpio.c ****         
 538              		.loc 1 357 0
 539 00c0 6568     		ldr	r5, [r4, #4]
 540 00c2 1540     		ands	r5, r2
 541 00c4 6560     		str	r5, [r4, #4]
 360:Drivers/STM32F0xx_HAL_Driver/Src/stm32f0xx_hal_gpio.c ****         CLEAR_BIT(EXTI->FTSR, (uint32_t)iocurrent);
 542              		.loc 1 360 0
 543 00c6 A568     		ldr	r5, [r4, #8]
 544 00c8 1540     		ands	r5, r2
 545 00ca A560     		str	r5, [r4, #8]
 361:Drivers/STM32F0xx_HAL_Driver/Src/stm32f0xx_hal_gpio.c ****       }
 546              		.loc 1 361 0
 547 00cc E568     		ldr	r5, [r4, #12]
 548 00ce 2A40     		ands	r2, r5
 549 00d0 E260     		str	r2, [r4, #12]
 550 00d2 A2E7     		b	.L22
 551              	.LVL55:
 552              	.L20:
 366:Drivers/STM32F0xx_HAL_Driver/Src/stm32f0xx_hal_gpio.c ****   }
 367:Drivers/STM32F0xx_HAL_Driver/Src/stm32f0xx_hal_gpio.c **** }
 553              		.loc 1 367 0
 554              		@ sp needed
 555 00d4 1CBC     		pop	{r2, r3, r4}
 556 00d6 9046     		mov	r8, r2
 557 00d8 9946     		mov	r9, r3
 558 00da A246     		mov	r10, r4
 559 00dc F0BD     		pop	{r4, r5, r6, r7, pc}
 560              	.L31:
 561 00de C046     		.align	2
 562              	.L30:
 563 00e0 00000140 		.word	1073807360
 564 00e4 00040048 		.word	1207960576
 565 00e8 00080048 		.word	1207961600
 566 00ec 00040140 		.word	1073808384
 567              		.cfi_endproc
 568              	.LFE36:
 570              		.section	.text.HAL_GPIO_ReadPin,"ax",%progbits
ARM GAS  C:\Users\HOGEHO~1\AppData\Local\Temp\cc4bWw9e.s 			page 18


 571              		.align	1
 572              		.global	HAL_GPIO_ReadPin
 573              		.syntax unified
 574              		.code	16
 575              		.thumb_func
 576              		.fpu softvfp
 578              	HAL_GPIO_ReadPin:
 579              	.LFB37:
 368:Drivers/STM32F0xx_HAL_Driver/Src/stm32f0xx_hal_gpio.c **** 
 369:Drivers/STM32F0xx_HAL_Driver/Src/stm32f0xx_hal_gpio.c **** /**
 370:Drivers/STM32F0xx_HAL_Driver/Src/stm32f0xx_hal_gpio.c ****   * @}
 371:Drivers/STM32F0xx_HAL_Driver/Src/stm32f0xx_hal_gpio.c ****   */
 372:Drivers/STM32F0xx_HAL_Driver/Src/stm32f0xx_hal_gpio.c **** 
 373:Drivers/STM32F0xx_HAL_Driver/Src/stm32f0xx_hal_gpio.c **** /** @defgroup GPIO_Exported_Functions_Group2 IO operation functions 
 374:Drivers/STM32F0xx_HAL_Driver/Src/stm32f0xx_hal_gpio.c ****  *  @brief GPIO Read, Write, Toggle, Lock and EXTI management functions.
 375:Drivers/STM32F0xx_HAL_Driver/Src/stm32f0xx_hal_gpio.c ****  *
 376:Drivers/STM32F0xx_HAL_Driver/Src/stm32f0xx_hal_gpio.c **** @verbatim   
 377:Drivers/STM32F0xx_HAL_Driver/Src/stm32f0xx_hal_gpio.c ****  ===============================================================================
 378:Drivers/STM32F0xx_HAL_Driver/Src/stm32f0xx_hal_gpio.c ****                        ##### IO operation functions #####
 379:Drivers/STM32F0xx_HAL_Driver/Src/stm32f0xx_hal_gpio.c ****  ===============================================================================  
 380:Drivers/STM32F0xx_HAL_Driver/Src/stm32f0xx_hal_gpio.c **** 
 381:Drivers/STM32F0xx_HAL_Driver/Src/stm32f0xx_hal_gpio.c **** @endverbatim
 382:Drivers/STM32F0xx_HAL_Driver/Src/stm32f0xx_hal_gpio.c ****   * @{
 383:Drivers/STM32F0xx_HAL_Driver/Src/stm32f0xx_hal_gpio.c ****   */
 384:Drivers/STM32F0xx_HAL_Driver/Src/stm32f0xx_hal_gpio.c **** 
 385:Drivers/STM32F0xx_HAL_Driver/Src/stm32f0xx_hal_gpio.c **** /**
 386:Drivers/STM32F0xx_HAL_Driver/Src/stm32f0xx_hal_gpio.c ****   * @brief  Read the specified input port pin.
 387:Drivers/STM32F0xx_HAL_Driver/Src/stm32f0xx_hal_gpio.c ****   * @param  GPIOx where x can be (A..F) to select the GPIO peripheral for STM32F0 family
 388:Drivers/STM32F0xx_HAL_Driver/Src/stm32f0xx_hal_gpio.c ****   * @param  GPIO_Pin specifies the port bit to read.
 389:Drivers/STM32F0xx_HAL_Driver/Src/stm32f0xx_hal_gpio.c ****   *         This parameter can be GPIO_PIN_x where x can be (0..15).
 390:Drivers/STM32F0xx_HAL_Driver/Src/stm32f0xx_hal_gpio.c ****   * @retval The input port pin value.
 391:Drivers/STM32F0xx_HAL_Driver/Src/stm32f0xx_hal_gpio.c ****   */
 392:Drivers/STM32F0xx_HAL_Driver/Src/stm32f0xx_hal_gpio.c **** GPIO_PinState HAL_GPIO_ReadPin(GPIO_TypeDef* GPIOx, uint16_t GPIO_Pin)
 393:Drivers/STM32F0xx_HAL_Driver/Src/stm32f0xx_hal_gpio.c **** {
 580              		.loc 1 393 0
 581              		.cfi_startproc
 582              		@ args = 0, pretend = 0, frame = 0
 583              		@ frame_needed = 0, uses_anonymous_args = 0
 584              		@ link register save eliminated.
 585              	.LVL56:
 394:Drivers/STM32F0xx_HAL_Driver/Src/stm32f0xx_hal_gpio.c ****   GPIO_PinState bitstatus;
 395:Drivers/STM32F0xx_HAL_Driver/Src/stm32f0xx_hal_gpio.c **** 
 396:Drivers/STM32F0xx_HAL_Driver/Src/stm32f0xx_hal_gpio.c ****   /* Check the parameters */
 397:Drivers/STM32F0xx_HAL_Driver/Src/stm32f0xx_hal_gpio.c ****   assert_param(IS_GPIO_PIN(GPIO_Pin));
 398:Drivers/STM32F0xx_HAL_Driver/Src/stm32f0xx_hal_gpio.c **** 
 399:Drivers/STM32F0xx_HAL_Driver/Src/stm32f0xx_hal_gpio.c ****   if ((GPIOx->IDR & GPIO_Pin) != (uint32_t)GPIO_PIN_RESET)
 586              		.loc 1 399 0
 587 0000 0369     		ldr	r3, [r0, #16]
 588 0002 0B42     		tst	r3, r1
 589 0004 01D1     		bne	.L35
 400:Drivers/STM32F0xx_HAL_Driver/Src/stm32f0xx_hal_gpio.c ****   {
 401:Drivers/STM32F0xx_HAL_Driver/Src/stm32f0xx_hal_gpio.c ****     bitstatus = GPIO_PIN_SET;
 402:Drivers/STM32F0xx_HAL_Driver/Src/stm32f0xx_hal_gpio.c ****   }
 403:Drivers/STM32F0xx_HAL_Driver/Src/stm32f0xx_hal_gpio.c ****   else
 404:Drivers/STM32F0xx_HAL_Driver/Src/stm32f0xx_hal_gpio.c ****   {
 405:Drivers/STM32F0xx_HAL_Driver/Src/stm32f0xx_hal_gpio.c ****     bitstatus = GPIO_PIN_RESET;
 590              		.loc 1 405 0
ARM GAS  C:\Users\HOGEHO~1\AppData\Local\Temp\cc4bWw9e.s 			page 19


 591 0006 0020     		movs	r0, #0
 592              	.LVL57:
 593              	.L33:
 406:Drivers/STM32F0xx_HAL_Driver/Src/stm32f0xx_hal_gpio.c ****   }
 407:Drivers/STM32F0xx_HAL_Driver/Src/stm32f0xx_hal_gpio.c ****   return bitstatus;
 408:Drivers/STM32F0xx_HAL_Driver/Src/stm32f0xx_hal_gpio.c ****   }
 594              		.loc 1 408 0
 595              		@ sp needed
 596 0008 7047     		bx	lr
 597              	.LVL58:
 598              	.L35:
 401:Drivers/STM32F0xx_HAL_Driver/Src/stm32f0xx_hal_gpio.c ****   }
 599              		.loc 1 401 0
 600 000a 0120     		movs	r0, #1
 601              	.LVL59:
 602 000c FCE7     		b	.L33
 603              		.cfi_endproc
 604              	.LFE37:
 606              		.section	.text.HAL_GPIO_WritePin,"ax",%progbits
 607              		.align	1
 608              		.global	HAL_GPIO_WritePin
 609              		.syntax unified
 610              		.code	16
 611              		.thumb_func
 612              		.fpu softvfp
 614              	HAL_GPIO_WritePin:
 615              	.LFB38:
 409:Drivers/STM32F0xx_HAL_Driver/Src/stm32f0xx_hal_gpio.c **** 
 410:Drivers/STM32F0xx_HAL_Driver/Src/stm32f0xx_hal_gpio.c **** /**
 411:Drivers/STM32F0xx_HAL_Driver/Src/stm32f0xx_hal_gpio.c ****   * @brief  Set or clear the selected data port bit.
 412:Drivers/STM32F0xx_HAL_Driver/Src/stm32f0xx_hal_gpio.c ****   * @note   This function uses GPIOx_BSRR and GPIOx_BRR registers to allow atomic read/modify
 413:Drivers/STM32F0xx_HAL_Driver/Src/stm32f0xx_hal_gpio.c ****   *         accesses. In this way, there is no risk of an IRQ occurring between
 414:Drivers/STM32F0xx_HAL_Driver/Src/stm32f0xx_hal_gpio.c ****   *         the read and the modify access.
 415:Drivers/STM32F0xx_HAL_Driver/Src/stm32f0xx_hal_gpio.c ****   *
 416:Drivers/STM32F0xx_HAL_Driver/Src/stm32f0xx_hal_gpio.c ****   * @param  GPIOx where x can be (A..H) to select the GPIO peripheral for STM32F0 family
 417:Drivers/STM32F0xx_HAL_Driver/Src/stm32f0xx_hal_gpio.c ****   * @param  GPIO_Pin specifies the port bit to be written.
 418:Drivers/STM32F0xx_HAL_Driver/Src/stm32f0xx_hal_gpio.c ****   *          This parameter can be one of GPIO_PIN_x where x can be (0..15).
 419:Drivers/STM32F0xx_HAL_Driver/Src/stm32f0xx_hal_gpio.c ****   * @param  PinState specifies the value to be written to the selected bit.
 420:Drivers/STM32F0xx_HAL_Driver/Src/stm32f0xx_hal_gpio.c ****   *          This parameter can be one of the GPIO_PinState enum values:
 421:Drivers/STM32F0xx_HAL_Driver/Src/stm32f0xx_hal_gpio.c ****   *            @arg GPIO_PIN_RESET: to clear the port pin
 422:Drivers/STM32F0xx_HAL_Driver/Src/stm32f0xx_hal_gpio.c ****   *            @arg GPIO_PIN_SET: to set the port pin
 423:Drivers/STM32F0xx_HAL_Driver/Src/stm32f0xx_hal_gpio.c ****   * @retval None
 424:Drivers/STM32F0xx_HAL_Driver/Src/stm32f0xx_hal_gpio.c ****   */
 425:Drivers/STM32F0xx_HAL_Driver/Src/stm32f0xx_hal_gpio.c **** void HAL_GPIO_WritePin(GPIO_TypeDef* GPIOx, uint16_t GPIO_Pin, GPIO_PinState PinState)
 426:Drivers/STM32F0xx_HAL_Driver/Src/stm32f0xx_hal_gpio.c **** {
 616              		.loc 1 426 0
 617              		.cfi_startproc
 618              		@ args = 0, pretend = 0, frame = 0
 619              		@ frame_needed = 0, uses_anonymous_args = 0
 620              		@ link register save eliminated.
 621              	.LVL60:
 427:Drivers/STM32F0xx_HAL_Driver/Src/stm32f0xx_hal_gpio.c ****   /* Check the parameters */
 428:Drivers/STM32F0xx_HAL_Driver/Src/stm32f0xx_hal_gpio.c ****   assert_param(IS_GPIO_PIN(GPIO_Pin));
 429:Drivers/STM32F0xx_HAL_Driver/Src/stm32f0xx_hal_gpio.c ****   assert_param(IS_GPIO_PIN_ACTION(PinState));
 430:Drivers/STM32F0xx_HAL_Driver/Src/stm32f0xx_hal_gpio.c **** 
 431:Drivers/STM32F0xx_HAL_Driver/Src/stm32f0xx_hal_gpio.c ****   if (PinState != GPIO_PIN_RESET)
 622              		.loc 1 431 0
ARM GAS  C:\Users\HOGEHO~1\AppData\Local\Temp\cc4bWw9e.s 			page 20


 623 0000 002A     		cmp	r2, #0
 624 0002 01D1     		bne	.L39
 432:Drivers/STM32F0xx_HAL_Driver/Src/stm32f0xx_hal_gpio.c ****   {
 433:Drivers/STM32F0xx_HAL_Driver/Src/stm32f0xx_hal_gpio.c ****     GPIOx->BSRR = (uint32_t)GPIO_Pin;
 434:Drivers/STM32F0xx_HAL_Driver/Src/stm32f0xx_hal_gpio.c ****   }
 435:Drivers/STM32F0xx_HAL_Driver/Src/stm32f0xx_hal_gpio.c ****   else
 436:Drivers/STM32F0xx_HAL_Driver/Src/stm32f0xx_hal_gpio.c ****   {
 437:Drivers/STM32F0xx_HAL_Driver/Src/stm32f0xx_hal_gpio.c ****     GPIOx->BRR = (uint32_t)GPIO_Pin;
 625              		.loc 1 437 0
 626 0004 8162     		str	r1, [r0, #40]
 627              	.L36:
 438:Drivers/STM32F0xx_HAL_Driver/Src/stm32f0xx_hal_gpio.c ****   }
 439:Drivers/STM32F0xx_HAL_Driver/Src/stm32f0xx_hal_gpio.c **** }
 628              		.loc 1 439 0
 629              		@ sp needed
 630 0006 7047     		bx	lr
 631              	.L39:
 433:Drivers/STM32F0xx_HAL_Driver/Src/stm32f0xx_hal_gpio.c ****   }
 632              		.loc 1 433 0
 633 0008 8161     		str	r1, [r0, #24]
 634 000a FCE7     		b	.L36
 635              		.cfi_endproc
 636              	.LFE38:
 638              		.section	.text.HAL_GPIO_TogglePin,"ax",%progbits
 639              		.align	1
 640              		.global	HAL_GPIO_TogglePin
 641              		.syntax unified
 642              		.code	16
 643              		.thumb_func
 644              		.fpu softvfp
 646              	HAL_GPIO_TogglePin:
 647              	.LFB39:
 440:Drivers/STM32F0xx_HAL_Driver/Src/stm32f0xx_hal_gpio.c ****   
 441:Drivers/STM32F0xx_HAL_Driver/Src/stm32f0xx_hal_gpio.c **** /**
 442:Drivers/STM32F0xx_HAL_Driver/Src/stm32f0xx_hal_gpio.c ****   * @brief  Toggle the specified GPIO pin.
 443:Drivers/STM32F0xx_HAL_Driver/Src/stm32f0xx_hal_gpio.c ****   * @param  GPIOx where x can be (A..F) to select the GPIO peripheral for STM32F0 family
 444:Drivers/STM32F0xx_HAL_Driver/Src/stm32f0xx_hal_gpio.c ****   * @param  GPIO_Pin specifies the pin to be toggled.
 445:Drivers/STM32F0xx_HAL_Driver/Src/stm32f0xx_hal_gpio.c ****   * @retval None
 446:Drivers/STM32F0xx_HAL_Driver/Src/stm32f0xx_hal_gpio.c ****   */
 447:Drivers/STM32F0xx_HAL_Driver/Src/stm32f0xx_hal_gpio.c **** void HAL_GPIO_TogglePin(GPIO_TypeDef* GPIOx, uint16_t GPIO_Pin)
 448:Drivers/STM32F0xx_HAL_Driver/Src/stm32f0xx_hal_gpio.c **** {
 648              		.loc 1 448 0
 649              		.cfi_startproc
 650              		@ args = 0, pretend = 0, frame = 0
 651              		@ frame_needed = 0, uses_anonymous_args = 0
 652              		@ link register save eliminated.
 653              	.LVL61:
 449:Drivers/STM32F0xx_HAL_Driver/Src/stm32f0xx_hal_gpio.c ****   /* Check the parameters */
 450:Drivers/STM32F0xx_HAL_Driver/Src/stm32f0xx_hal_gpio.c ****   assert_param(IS_GPIO_PIN(GPIO_Pin));
 451:Drivers/STM32F0xx_HAL_Driver/Src/stm32f0xx_hal_gpio.c **** 
 452:Drivers/STM32F0xx_HAL_Driver/Src/stm32f0xx_hal_gpio.c ****   GPIOx->ODR ^= GPIO_Pin;
 654              		.loc 1 452 0
 655 0000 4369     		ldr	r3, [r0, #20]
 656 0002 5940     		eors	r1, r3
 657              	.LVL62:
 658 0004 4161     		str	r1, [r0, #20]
 453:Drivers/STM32F0xx_HAL_Driver/Src/stm32f0xx_hal_gpio.c **** }
ARM GAS  C:\Users\HOGEHO~1\AppData\Local\Temp\cc4bWw9e.s 			page 21


 659              		.loc 1 453 0
 660              		@ sp needed
 661 0006 7047     		bx	lr
 662              		.cfi_endproc
 663              	.LFE39:
 665              		.section	.text.HAL_GPIO_LockPin,"ax",%progbits
 666              		.align	1
 667              		.global	HAL_GPIO_LockPin
 668              		.syntax unified
 669              		.code	16
 670              		.thumb_func
 671              		.fpu softvfp
 673              	HAL_GPIO_LockPin:
 674              	.LFB40:
 454:Drivers/STM32F0xx_HAL_Driver/Src/stm32f0xx_hal_gpio.c **** 
 455:Drivers/STM32F0xx_HAL_Driver/Src/stm32f0xx_hal_gpio.c **** /**
 456:Drivers/STM32F0xx_HAL_Driver/Src/stm32f0xx_hal_gpio.c **** * @brief  Locks GPIO Pins configuration registers.
 457:Drivers/STM32F0xx_HAL_Driver/Src/stm32f0xx_hal_gpio.c **** * @note   The locked registers are GPIOx_MODER, GPIOx_OTYPER, GPIOx_OSPEEDR,
 458:Drivers/STM32F0xx_HAL_Driver/Src/stm32f0xx_hal_gpio.c **** *         GPIOx_PUPDR, GPIOx_AFRL and GPIOx_AFRH.
 459:Drivers/STM32F0xx_HAL_Driver/Src/stm32f0xx_hal_gpio.c **** * @note   The configuration of the locked GPIO pins can no longer be modified
 460:Drivers/STM32F0xx_HAL_Driver/Src/stm32f0xx_hal_gpio.c **** *         until the next reset.
 461:Drivers/STM32F0xx_HAL_Driver/Src/stm32f0xx_hal_gpio.c ****   * @param  GPIOx where x can be (A..F) to select the GPIO peripheral for STM32F0 family
 462:Drivers/STM32F0xx_HAL_Driver/Src/stm32f0xx_hal_gpio.c ****   * @param  GPIO_Pin specifies the port bits to be locked.
 463:Drivers/STM32F0xx_HAL_Driver/Src/stm32f0xx_hal_gpio.c **** *         This parameter can be any combination of GPIO_Pin_x where x can be (0..15).
 464:Drivers/STM32F0xx_HAL_Driver/Src/stm32f0xx_hal_gpio.c **** * @retval None
 465:Drivers/STM32F0xx_HAL_Driver/Src/stm32f0xx_hal_gpio.c **** */
 466:Drivers/STM32F0xx_HAL_Driver/Src/stm32f0xx_hal_gpio.c **** HAL_StatusTypeDef HAL_GPIO_LockPin(GPIO_TypeDef* GPIOx, uint16_t GPIO_Pin)
 467:Drivers/STM32F0xx_HAL_Driver/Src/stm32f0xx_hal_gpio.c **** {
 675              		.loc 1 467 0
 676              		.cfi_startproc
 677              		@ args = 0, pretend = 0, frame = 8
 678              		@ frame_needed = 0, uses_anonymous_args = 0
 679              		@ link register save eliminated.
 680              	.LVL63:
 681 0000 82B0     		sub	sp, sp, #8
 682              	.LCFI5:
 683              		.cfi_def_cfa_offset 8
 468:Drivers/STM32F0xx_HAL_Driver/Src/stm32f0xx_hal_gpio.c ****   __IO uint32_t tmp = GPIO_LCKR_LCKK;
 684              		.loc 1 468 0
 685 0002 8022     		movs	r2, #128
 686 0004 5202     		lsls	r2, r2, #9
 687 0006 0192     		str	r2, [sp, #4]
 469:Drivers/STM32F0xx_HAL_Driver/Src/stm32f0xx_hal_gpio.c **** 
 470:Drivers/STM32F0xx_HAL_Driver/Src/stm32f0xx_hal_gpio.c ****   /* Check the parameters */
 471:Drivers/STM32F0xx_HAL_Driver/Src/stm32f0xx_hal_gpio.c ****   assert_param(IS_GPIO_LOCK_INSTANCE(GPIOx));
 472:Drivers/STM32F0xx_HAL_Driver/Src/stm32f0xx_hal_gpio.c ****   assert_param(IS_GPIO_PIN(GPIO_Pin));
 473:Drivers/STM32F0xx_HAL_Driver/Src/stm32f0xx_hal_gpio.c **** 
 474:Drivers/STM32F0xx_HAL_Driver/Src/stm32f0xx_hal_gpio.c ****   /* Apply lock key write sequence */
 475:Drivers/STM32F0xx_HAL_Driver/Src/stm32f0xx_hal_gpio.c ****   SET_BIT(tmp, GPIO_Pin);
 688              		.loc 1 475 0
 689 0008 019B     		ldr	r3, [sp, #4]
 690 000a 0B43     		orrs	r3, r1
 691 000c 0193     		str	r3, [sp, #4]
 476:Drivers/STM32F0xx_HAL_Driver/Src/stm32f0xx_hal_gpio.c ****   /* Set LCKx bit(s): LCKK='1' + LCK[15-0] */
 477:Drivers/STM32F0xx_HAL_Driver/Src/stm32f0xx_hal_gpio.c ****   GPIOx->LCKR = tmp;
 692              		.loc 1 477 0
 693 000e 019B     		ldr	r3, [sp, #4]
ARM GAS  C:\Users\HOGEHO~1\AppData\Local\Temp\cc4bWw9e.s 			page 22


 694 0010 C361     		str	r3, [r0, #28]
 478:Drivers/STM32F0xx_HAL_Driver/Src/stm32f0xx_hal_gpio.c ****   /* Reset LCKx bit(s): LCKK='0' + LCK[15-0] */
 479:Drivers/STM32F0xx_HAL_Driver/Src/stm32f0xx_hal_gpio.c ****   GPIOx->LCKR = GPIO_Pin;
 695              		.loc 1 479 0
 696 0012 C161     		str	r1, [r0, #28]
 480:Drivers/STM32F0xx_HAL_Driver/Src/stm32f0xx_hal_gpio.c ****   /* Set LCKx bit(s): LCKK='1' + LCK[15-0] */
 481:Drivers/STM32F0xx_HAL_Driver/Src/stm32f0xx_hal_gpio.c ****   GPIOx->LCKR = tmp;
 697              		.loc 1 481 0
 698 0014 019B     		ldr	r3, [sp, #4]
 699 0016 C361     		str	r3, [r0, #28]
 482:Drivers/STM32F0xx_HAL_Driver/Src/stm32f0xx_hal_gpio.c ****   /* Read LCKK bit*/
 483:Drivers/STM32F0xx_HAL_Driver/Src/stm32f0xx_hal_gpio.c ****   tmp = GPIOx->LCKR;
 700              		.loc 1 483 0
 701 0018 C369     		ldr	r3, [r0, #28]
 702 001a 0193     		str	r3, [sp, #4]
 484:Drivers/STM32F0xx_HAL_Driver/Src/stm32f0xx_hal_gpio.c **** 
 485:Drivers/STM32F0xx_HAL_Driver/Src/stm32f0xx_hal_gpio.c ****   if((GPIOx->LCKR & GPIO_LCKR_LCKK) != RESET)
 703              		.loc 1 485 0
 704 001c C369     		ldr	r3, [r0, #28]
 705 001e 1342     		tst	r3, r2
 706 0020 02D1     		bne	.L44
 486:Drivers/STM32F0xx_HAL_Driver/Src/stm32f0xx_hal_gpio.c ****   {
 487:Drivers/STM32F0xx_HAL_Driver/Src/stm32f0xx_hal_gpio.c ****     return HAL_OK;
 488:Drivers/STM32F0xx_HAL_Driver/Src/stm32f0xx_hal_gpio.c ****   }
 489:Drivers/STM32F0xx_HAL_Driver/Src/stm32f0xx_hal_gpio.c ****   else
 490:Drivers/STM32F0xx_HAL_Driver/Src/stm32f0xx_hal_gpio.c ****   {
 491:Drivers/STM32F0xx_HAL_Driver/Src/stm32f0xx_hal_gpio.c ****     return HAL_ERROR;
 707              		.loc 1 491 0
 708 0022 0120     		movs	r0, #1
 709              	.LVL64:
 710              	.L42:
 492:Drivers/STM32F0xx_HAL_Driver/Src/stm32f0xx_hal_gpio.c ****   }
 493:Drivers/STM32F0xx_HAL_Driver/Src/stm32f0xx_hal_gpio.c **** }
 711              		.loc 1 493 0
 712 0024 02B0     		add	sp, sp, #8
 713              		@ sp needed
 714 0026 7047     		bx	lr
 715              	.LVL65:
 716              	.L44:
 487:Drivers/STM32F0xx_HAL_Driver/Src/stm32f0xx_hal_gpio.c ****   }
 717              		.loc 1 487 0
 718 0028 0020     		movs	r0, #0
 719              	.LVL66:
 720 002a FBE7     		b	.L42
 721              		.cfi_endproc
 722              	.LFE40:
 724              		.section	.text.HAL_GPIO_EXTI_Callback,"ax",%progbits
 725              		.align	1
 726              		.weak	HAL_GPIO_EXTI_Callback
 727              		.syntax unified
 728              		.code	16
 729              		.thumb_func
 730              		.fpu softvfp
 732              	HAL_GPIO_EXTI_Callback:
 733              	.LFB42:
 494:Drivers/STM32F0xx_HAL_Driver/Src/stm32f0xx_hal_gpio.c **** 
 495:Drivers/STM32F0xx_HAL_Driver/Src/stm32f0xx_hal_gpio.c **** /**
ARM GAS  C:\Users\HOGEHO~1\AppData\Local\Temp\cc4bWw9e.s 			page 23


 496:Drivers/STM32F0xx_HAL_Driver/Src/stm32f0xx_hal_gpio.c ****   * @brief  Handle EXTI interrupt request.
 497:Drivers/STM32F0xx_HAL_Driver/Src/stm32f0xx_hal_gpio.c ****   * @param  GPIO_Pin Specifies the port pin connected to corresponding EXTI line.
 498:Drivers/STM32F0xx_HAL_Driver/Src/stm32f0xx_hal_gpio.c ****   * @retval None
 499:Drivers/STM32F0xx_HAL_Driver/Src/stm32f0xx_hal_gpio.c ****   */
 500:Drivers/STM32F0xx_HAL_Driver/Src/stm32f0xx_hal_gpio.c **** void HAL_GPIO_EXTI_IRQHandler(uint16_t GPIO_Pin)
 501:Drivers/STM32F0xx_HAL_Driver/Src/stm32f0xx_hal_gpio.c **** {
 502:Drivers/STM32F0xx_HAL_Driver/Src/stm32f0xx_hal_gpio.c ****   /* EXTI line interrupt detected */
 503:Drivers/STM32F0xx_HAL_Driver/Src/stm32f0xx_hal_gpio.c ****   if(__HAL_GPIO_EXTI_GET_IT(GPIO_Pin) != RESET) 
 504:Drivers/STM32F0xx_HAL_Driver/Src/stm32f0xx_hal_gpio.c ****   { 
 505:Drivers/STM32F0xx_HAL_Driver/Src/stm32f0xx_hal_gpio.c ****     __HAL_GPIO_EXTI_CLEAR_IT(GPIO_Pin);
 506:Drivers/STM32F0xx_HAL_Driver/Src/stm32f0xx_hal_gpio.c ****     HAL_GPIO_EXTI_Callback(GPIO_Pin);
 507:Drivers/STM32F0xx_HAL_Driver/Src/stm32f0xx_hal_gpio.c ****   }
 508:Drivers/STM32F0xx_HAL_Driver/Src/stm32f0xx_hal_gpio.c **** }
 509:Drivers/STM32F0xx_HAL_Driver/Src/stm32f0xx_hal_gpio.c **** 
 510:Drivers/STM32F0xx_HAL_Driver/Src/stm32f0xx_hal_gpio.c **** /**
 511:Drivers/STM32F0xx_HAL_Driver/Src/stm32f0xx_hal_gpio.c ****   * @brief  EXTI line detection callback.
 512:Drivers/STM32F0xx_HAL_Driver/Src/stm32f0xx_hal_gpio.c ****   * @param  GPIO_Pin Specifies the port pin connected to corresponding EXTI line.
 513:Drivers/STM32F0xx_HAL_Driver/Src/stm32f0xx_hal_gpio.c ****   * @retval None
 514:Drivers/STM32F0xx_HAL_Driver/Src/stm32f0xx_hal_gpio.c ****   */
 515:Drivers/STM32F0xx_HAL_Driver/Src/stm32f0xx_hal_gpio.c **** __weak void HAL_GPIO_EXTI_Callback(uint16_t GPIO_Pin)
 516:Drivers/STM32F0xx_HAL_Driver/Src/stm32f0xx_hal_gpio.c **** {
 734              		.loc 1 516 0
 735              		.cfi_startproc
 736              		@ args = 0, pretend = 0, frame = 0
 737              		@ frame_needed = 0, uses_anonymous_args = 0
 738              		@ link register save eliminated.
 739              	.LVL67:
 517:Drivers/STM32F0xx_HAL_Driver/Src/stm32f0xx_hal_gpio.c ****   /* Prevent unused argument(s) compilation warning */
 518:Drivers/STM32F0xx_HAL_Driver/Src/stm32f0xx_hal_gpio.c ****   UNUSED(GPIO_Pin);
 519:Drivers/STM32F0xx_HAL_Driver/Src/stm32f0xx_hal_gpio.c **** 
 520:Drivers/STM32F0xx_HAL_Driver/Src/stm32f0xx_hal_gpio.c ****   /* NOTE: This function should not be modified, when the callback is needed,
 521:Drivers/STM32F0xx_HAL_Driver/Src/stm32f0xx_hal_gpio.c ****             the HAL_GPIO_EXTI_Callback could be implemented in the user file
 522:Drivers/STM32F0xx_HAL_Driver/Src/stm32f0xx_hal_gpio.c ****    */ 
 523:Drivers/STM32F0xx_HAL_Driver/Src/stm32f0xx_hal_gpio.c **** }
 740              		.loc 1 523 0
 741              		@ sp needed
 742 0000 7047     		bx	lr
 743              		.cfi_endproc
 744              	.LFE42:
 746              		.section	.text.HAL_GPIO_EXTI_IRQHandler,"ax",%progbits
 747              		.align	1
 748              		.global	HAL_GPIO_EXTI_IRQHandler
 749              		.syntax unified
 750              		.code	16
 751              		.thumb_func
 752              		.fpu softvfp
 754              	HAL_GPIO_EXTI_IRQHandler:
 755              	.LFB41:
 501:Drivers/STM32F0xx_HAL_Driver/Src/stm32f0xx_hal_gpio.c ****   /* EXTI line interrupt detected */
 756              		.loc 1 501 0
 757              		.cfi_startproc
 758              		@ args = 0, pretend = 0, frame = 0
 759              		@ frame_needed = 0, uses_anonymous_args = 0
 760              	.LVL68:
 761 0000 10B5     		push	{r4, lr}
 762              	.LCFI6:
 763              		.cfi_def_cfa_offset 8
ARM GAS  C:\Users\HOGEHO~1\AppData\Local\Temp\cc4bWw9e.s 			page 24


 764              		.cfi_offset 4, -8
 765              		.cfi_offset 14, -4
 503:Drivers/STM32F0xx_HAL_Driver/Src/stm32f0xx_hal_gpio.c ****   { 
 766              		.loc 1 503 0
 767 0002 054B     		ldr	r3, .L49
 768 0004 5B69     		ldr	r3, [r3, #20]
 769 0006 1842     		tst	r0, r3
 770 0008 00D1     		bne	.L48
 771              	.LVL69:
 772              	.L46:
 508:Drivers/STM32F0xx_HAL_Driver/Src/stm32f0xx_hal_gpio.c **** 
 773              		.loc 1 508 0
 774              		@ sp needed
 775 000a 10BD     		pop	{r4, pc}
 776              	.LVL70:
 777              	.L48:
 505:Drivers/STM32F0xx_HAL_Driver/Src/stm32f0xx_hal_gpio.c ****     HAL_GPIO_EXTI_Callback(GPIO_Pin);
 778              		.loc 1 505 0
 779 000c 024B     		ldr	r3, .L49
 780 000e 5861     		str	r0, [r3, #20]
 506:Drivers/STM32F0xx_HAL_Driver/Src/stm32f0xx_hal_gpio.c ****   }
 781              		.loc 1 506 0
 782 0010 FFF7FEFF 		bl	HAL_GPIO_EXTI_Callback
 783              	.LVL71:
 508:Drivers/STM32F0xx_HAL_Driver/Src/stm32f0xx_hal_gpio.c **** 
 784              		.loc 1 508 0
 785 0014 F9E7     		b	.L46
 786              	.L50:
 787 0016 C046     		.align	2
 788              	.L49:
 789 0018 00040140 		.word	1073808384
 790              		.cfi_endproc
 791              	.LFE41:
 793              		.text
 794              	.Letext0:
 795              		.file 2 "c:\\program files (x86)\\gnu tools arm embedded\\7 2018-q2-update\\arm-none-eabi\\include
 796              		.file 3 "c:\\program files (x86)\\gnu tools arm embedded\\7 2018-q2-update\\arm-none-eabi\\include
 797              		.file 4 "Drivers/CMSIS/Device/ST/STM32F0xx/Include/system_stm32f0xx.h"
 798              		.file 5 "Drivers/CMSIS/Device/ST/STM32F0xx/Include/stm32f042x6.h"
 799              		.file 6 "Drivers/CMSIS/Device/ST/STM32F0xx/Include/stm32f0xx.h"
 800              		.file 7 "c:\\program files (x86)\\gnu tools arm embedded\\7 2018-q2-update\\arm-none-eabi\\include
 801              		.file 8 "c:\\program files (x86)\\gnu tools arm embedded\\7 2018-q2-update\\arm-none-eabi\\include
 802              		.file 9 "c:\\program files (x86)\\gnu tools arm embedded\\7 2018-q2-update\\lib\\gcc\\arm-none-eab
 803              		.file 10 "c:\\program files (x86)\\gnu tools arm embedded\\7 2018-q2-update\\arm-none-eabi\\includ
 804              		.file 11 "Drivers/STM32F0xx_HAL_Driver/Inc/stm32f0xx_hal_def.h"
 805              		.file 12 "Drivers/STM32F0xx_HAL_Driver/Inc/stm32f0xx_hal_gpio.h"
ARM GAS  C:\Users\HOGEHO~1\AppData\Local\Temp\cc4bWw9e.s 			page 25


DEFINED SYMBOLS
                            *ABS*:00000000 stm32f0xx_hal_gpio.c
C:\Users\HOGEHO~1\AppData\Local\Temp\cc4bWw9e.s:16     .text.HAL_GPIO_Init:00000000 $t
C:\Users\HOGEHO~1\AppData\Local\Temp\cc4bWw9e.s:23     .text.HAL_GPIO_Init:00000000 HAL_GPIO_Init
C:\Users\HOGEHO~1\AppData\Local\Temp\cc4bWw9e.s:371    .text.HAL_GPIO_Init:00000164 $d
C:\Users\HOGEHO~1\AppData\Local\Temp\cc4bWw9e.s:380    .text.HAL_GPIO_DeInit:00000000 $t
C:\Users\HOGEHO~1\AppData\Local\Temp\cc4bWw9e.s:387    .text.HAL_GPIO_DeInit:00000000 HAL_GPIO_DeInit
C:\Users\HOGEHO~1\AppData\Local\Temp\cc4bWw9e.s:563    .text.HAL_GPIO_DeInit:000000e0 $d
C:\Users\HOGEHO~1\AppData\Local\Temp\cc4bWw9e.s:571    .text.HAL_GPIO_ReadPin:00000000 $t
C:\Users\HOGEHO~1\AppData\Local\Temp\cc4bWw9e.s:578    .text.HAL_GPIO_ReadPin:00000000 HAL_GPIO_ReadPin
C:\Users\HOGEHO~1\AppData\Local\Temp\cc4bWw9e.s:607    .text.HAL_GPIO_WritePin:00000000 $t
C:\Users\HOGEHO~1\AppData\Local\Temp\cc4bWw9e.s:614    .text.HAL_GPIO_WritePin:00000000 HAL_GPIO_WritePin
C:\Users\HOGEHO~1\AppData\Local\Temp\cc4bWw9e.s:639    .text.HAL_GPIO_TogglePin:00000000 $t
C:\Users\HOGEHO~1\AppData\Local\Temp\cc4bWw9e.s:646    .text.HAL_GPIO_TogglePin:00000000 HAL_GPIO_TogglePin
C:\Users\HOGEHO~1\AppData\Local\Temp\cc4bWw9e.s:666    .text.HAL_GPIO_LockPin:00000000 $t
C:\Users\HOGEHO~1\AppData\Local\Temp\cc4bWw9e.s:673    .text.HAL_GPIO_LockPin:00000000 HAL_GPIO_LockPin
C:\Users\HOGEHO~1\AppData\Local\Temp\cc4bWw9e.s:725    .text.HAL_GPIO_EXTI_Callback:00000000 $t
C:\Users\HOGEHO~1\AppData\Local\Temp\cc4bWw9e.s:732    .text.HAL_GPIO_EXTI_Callback:00000000 HAL_GPIO_EXTI_Callback
C:\Users\HOGEHO~1\AppData\Local\Temp\cc4bWw9e.s:747    .text.HAL_GPIO_EXTI_IRQHandler:00000000 $t
C:\Users\HOGEHO~1\AppData\Local\Temp\cc4bWw9e.s:754    .text.HAL_GPIO_EXTI_IRQHandler:00000000 HAL_GPIO_EXTI_IRQHandler
C:\Users\HOGEHO~1\AppData\Local\Temp\cc4bWw9e.s:789    .text.HAL_GPIO_EXTI_IRQHandler:00000018 $d

NO UNDEFINED SYMBOLS
